  [4;36;1mSQL (0.1ms)[0m   [0;1mSET client_min_messages TO 'panic'[0m
  [4;35;1mSQL (0.1ms)[0m   [0mSET client_min_messages TO 'notice'[0m
  [4;36;1mSQL (3.7ms)[0m   [0;1mCREATE TABLE "schema_migrations" ("version" character varying(255) NOT NULL) [0m
  [4;35;1mSQL (4.3ms)[0m   [0mCREATE UNIQUE INDEX "unique_schema_migrations" ON "schema_migrations" ("version")[0m
  [4;36;1mSQL (0.4ms)[0m   [0;1mSELECT version FROM schema_migrations[0m
  [4;36;1mSQL (0.2ms)[0m   [0;1mSET client_min_messages TO 'panic'[0m
  [4;35;1mSQL (0.2ms)[0m   [0mSET client_min_messages TO 'notice'[0m


Processing Rails::InfoController#properties (for 127.0.0.1 at 2010-02-01 12:38:40) [GET]
  [4;36;1mSQL (0.3ms)[0m   [0;1mSELECT version FROM schema_migrations[0m
Completed in 158ms (View: 19, DB: 1) | 200 OK [http://localhost/rails/info/properties]
  [4;36;1mSQL (0.3ms)[0m   [0;1mSET client_min_messages TO 'panic'[0m
  [4;35;1mSQL (0.1ms)[0m   [0mSET client_min_messages TO 'notice'[0m
  [4;36;1mSQL (1.5ms)[0m   [0;1mSELECT version FROM schema_migrations[0m
Migrating to DeviseCreateUsers (20100219102133)
  [4;35;1mSQL (0.1ms)[0m   [0mBEGIN[0m
  [4;36;1mSQL (229.7ms)[0m   [0;1mCREATE TABLE "users" ("id" serial primary key, "email" character varying(255) NOT NULL, "encrypted_password" character varying(40) NOT NULL, "password_salt" character varying(255) NOT NULL, "confirmation_token" character varying(20), "confirmed_at" timestamp, "confirmation_sent_at" timestamp, "reset_password_token" character varying(20), "remember_token" character varying(20), "remember_created_at" timestamp, "sign_in_count" integer, "current_sign_in_at" timestamp, "last_sign_in_at" timestamp, "current_sign_in_ip" character varying(255), "last_sign_in_ip" character varying(255), "created_at" timestamp, "updated_at" timestamp) [0m
  [4;35;1mSQL (4.1ms)[0m   [0mCREATE UNIQUE INDEX "index_users_on_email" ON "users" ("email")[0m
  [4;36;1mSQL (2.5ms)[0m   [0;1mCREATE UNIQUE INDEX "index_users_on_confirmation_token" ON "users" ("confirmation_token")[0m
  [4;35;1mSQL (2.7ms)[0m   [0mCREATE UNIQUE INDEX "index_users_on_reset_password_token" ON "users" ("reset_password_token")[0m
  [4;36;1mSQL (10.3ms)[0m   [0;1mINSERT INTO schema_migrations (version) VALUES ('20100219102133')[0m
  [4;35;1mSQL (1.9ms)[0m   [0mCOMMIT[0m
  [4;36;1mSQL (0.9ms)[0m   [0;1mSELECT version FROM schema_migrations[0m
  [4;36;1mSQL (0.2ms)[0m   [0;1mSET client_min_messages TO 'panic'[0m
  [4;35;1mSQL (0.1ms)[0m   [0mSET client_min_messages TO 'notice'[0m
  [4;36;1mSQL (0.2ms)[0m   [0;1mBEGIN[0m
  [4;35;1mUser Load (2.4ms)[0m   [0mSELECT "users".id FROM "users" WHERE ("users"."email" = E'cs@clair.ro') LIMIT 1[0m
  [4;36;1mSQL (2.2ms)[0m   [0;1mINSERT INTO "users" ("encrypted_password", "created_at", "confirmation_sent_at", "last_sign_in_ip", "updated_at", "last_sign_in_at", "sign_in_count", "password_salt", "reset_password_token", "remember_token", "current_sign_in_ip", "confirmation_token", "remember_created_at", "current_sign_in_at", "email", "confirmed_at") VALUES(E'1547d0b8217b6332e923773238bf924c13644c20', '2010-02-19 10:23:15.968367', '2010-02-19 10:23:15.873058', NULL, '2010-02-19 10:23:15.968367', NULL, NULL, E'MZLJO6eYMxhXtyr5vEL4', NULL, NULL, NULL, E'vzc4ta1Cw3gZ6bNxsqVO', NULL, NULL, E'cs@clair.ro', NULL) RETURNING "id"[0m
  [4;35;1mSQL (0.6ms)[0m   [0mROLLBACK[0m
  [4;36;1mSQL (0.2ms)[0m   [0;1mSET client_min_messages TO 'panic'[0m
  [4;35;1mSQL (0.1ms)[0m   [0mSET client_min_messages TO 'notice'[0m


Processing ApplicationController#index (for 127.0.0.1 at 2010-02-19 12:25:09) [GET]

ActionController::MethodNotAllowed (Only post, put, and delete requests are allowed.):
  warden (0.9.3) lib/warden/manager.rb:34:in `call'
  warden (0.9.3) lib/warden/manager.rb:33:in `catch'
  warden (0.9.3) lib/warden/manager.rb:33:in `call'

Rendered rescues/_trace (37.8ms)
Rendered rescues/_request_and_response (1.7ms)
Rendering rescues/layout (method_not_allowed)
  [4;36;1mSQL (0.2ms)[0m   [0;1mSET client_min_messages TO 'panic'[0m
  [4;35;1mSQL (0.1ms)[0m   [0mSET client_min_messages TO 'notice'[0m


Processing ApplicationController#index (for 127.0.0.1 at 2010-02-19 12:25:15) [GET]

ActionController::RoutingError (No route matches "/users/1" with {:method=>:get}):
  warden (0.9.3) lib/warden/manager.rb:34:in `call'
  warden (0.9.3) lib/warden/manager.rb:33:in `catch'
  warden (0.9.3) lib/warden/manager.rb:33:in `call'

Rendering rescues/layout (not_found)
  [4;36;1mSQL (0.2ms)[0m   [0;1mSET client_min_messages TO 'panic'[0m
  [4;35;1mSQL (0.1ms)[0m   [0mSET client_min_messages TO 'notice'[0m


Processing SessionsController#new (for 127.0.0.1 at 2010-02-19 12:25:41) [GET]
Rendering sessions/new
Rendered shared/_devise_links (2.8ms)
Completed in 78ms (View: 46, DB: 0) | 200 OK [http://localhost/users/sign_in]
  [4;36;1mSQL (0.2ms)[0m   [0;1mSET client_min_messages TO 'panic'[0m
  [4;35;1mSQL (0.1ms)[0m   [0mSET client_min_messages TO 'notice'[0m


Processing SessionsController#create (for 127.0.0.1 at 2010-02-19 12:25:52) [POST]
  Parameters: {"commit"=>"Sign in", "authenticity_token"=>"y/srryGrGz0DrZRINX8bBjvsFETtmxmzKr07GD/KpEg=", "user"=>{"remember_me"=>"0", "password"=>"secret", "email"=>"cs@clair.ro"}}
  [4;36;1mUser Load (4.8ms)[0m   [0;1mSELECT * FROM "users" WHERE ("users"."email" = E'cs@clair.ro') LIMIT 1[0m
WARNING: Can't mass-assign these protected attributes: remember_me
Rendering sessions/new
Rendered shared/_devise_links (1.9ms)
Completed in 160ms (View: 11, DB: 5) | 200 OK [http://localhost/users/sign_in]
  [4;35;1mSQL (0.2ms)[0m   [0mSET client_min_messages TO 'panic'[0m
  [4;36;1mSQL (0.1ms)[0m   [0;1mSET client_min_messages TO 'notice'[0m


Processing ConfirmationsController#new (for 127.0.0.1 at 2010-02-19 12:26:48) [GET]
Rendering confirmations/new
Rendered shared/_devise_links (1.0ms)
Completed in 57ms (View: 29, DB: 0) | 200 OK [http://localhost/users/confirmation/new]
  [4;35;1mSQL (0.2ms)[0m   [0mSET client_min_messages TO 'panic'[0m
  [4;36;1mSQL (0.1ms)[0m   [0;1mSET client_min_messages TO 'notice'[0m


Processing ConfirmationsController#create (for 127.0.0.1 at 2010-02-19 12:26:55) [POST]
  Parameters: {"commit"=>"Resend confirmation instructions", "authenticity_token"=>"y/srryGrGz0DrZRINX8bBjvsFETtmxmzKr07GD/KpEg=", "user"=>{"email"=>"cs@clair.ro"}}
  [4;35;1mUser Load (15.9ms)[0m   [0mSELECT * FROM "users" WHERE ("users"."email" = E'cs@clair.ro') LIMIT 1[0m
Rendering confirmations/new
Rendered shared/_devise_links (1.0ms)
Completed in 177ms (View: 14, DB: 16) | 200 OK [http://localhost/users/confirmation]
  [4;36;1mSQL (0.2ms)[0m   [0;1mSET client_min_messages TO 'panic'[0m
  [4;35;1mSQL (0.1ms)[0m   [0mSET client_min_messages TO 'notice'[0m


Processing RegistrationsController#new (for 127.0.0.1 at 2010-02-19 12:27:13) [GET]
Rendering registrations/new
Rendered shared/_devise_links (1.1ms)
Completed in 56ms (View: 28, DB: 0) | 200 OK [http://localhost/users/sign_up]
  [4;36;1mSQL (0.2ms)[0m   [0;1mSET client_min_messages TO 'panic'[0m
  [4;35;1mSQL (0.1ms)[0m   [0mSET client_min_messages TO 'notice'[0m


Processing RegistrationsController#create (for 127.0.0.1 at 2010-02-19 12:27:26) [POST]
  Parameters: {"commit"=>"Sign up", "authenticity_token"=>"y/srryGrGz0DrZRINX8bBjvsFETtmxmzKr07GD/KpEg=", "user"=>{"password_confirmation"=>"btsr-30", "password"=>"btsr-30", "email"=>"cs@clair.ro"}}
  [4;36;1mSQL (0.1ms)[0m   [0;1mBEGIN[0m
  [4;35;1mUser Load (1.2ms)[0m   [0mSELECT "users".id FROM "users" WHERE ("users"."email" = E'cs@clair.ro') LIMIT 1[0m
  [4;36;1mSQL (0.6ms)[0m   [0;1mINSERT INTO "users" ("encrypted_password", "created_at", "confirmation_sent_at", "last_sign_in_ip", "updated_at", "last_sign_in_at", "sign_in_count", "password_salt", "reset_password_token", "remember_token", "current_sign_in_ip", "confirmation_token", "remember_created_at", "current_sign_in_at", "email", "confirmed_at") VALUES(E'4ea501f0a008543ade2abad0e0f856a0a826605a', '2010-02-19 10:27:26.409709', '2010-02-19 10:27:26.366035', NULL, '2010-02-19 10:27:26.409709', NULL, NULL, E'KIMsZbIs_4xfQpV9R8kM', NULL, NULL, NULL, E'TfLG1wdlXEP2jrgKRnbg', NULL, NULL, E'cs@clair.ro', NULL) RETURNING "id"[0m
Sent mail to cs@clair.ro

Date: Fri, 19 Feb 2010 12:27:26 +0200
From: please-change-me@config-initializers-devise.com
To: cs@clair.ro
Subject: Confirmation instructions
Mime-Version: 1.0
Content-Type: text/html; charset=utf-8

Welcome cs@clair.ro!

You can confirm your account through the link below:

<a href="http://localhost:3000/users/confirmation?confirmation_token=TfLG1wdlXEP2jrgKRnbg">Confirm my account</a>
  [4;35;1mSQL (0.7ms)[0m   [0mCOMMIT[0m
  [4;36;1mSQL (0.2ms)[0m   [0;1mSET client_min_messages TO 'panic'[0m
  [4;35;1mSQL (0.5ms)[0m   [0mSET client_min_messages TO 'notice'[0m


Processing SessionsController#new (for 127.0.0.1 at 2010-02-19 12:27:26) [GET]
  Parameters: {"unconfirmed"=>"true"}
Rendering sessions/new
Rendered shared/_devise_links (8.5ms)
Completed in 49ms (View: 23, DB: 1) | 200 OK [http://localhost/users/sign_in?unconfirmed=true]
  [4;36;1mSQL (0.2ms)[0m   [0;1mSET client_min_messages TO 'panic'[0m
  [4;35;1mSQL (0.1ms)[0m   [0mSET client_min_messages TO 'notice'[0m


Processing SessionsController#create (for 127.0.0.1 at 2010-02-19 12:27:57) [POST]
  Parameters: {"commit"=>"Sign in", "authenticity_token"=>"y/srryGrGz0DrZRINX8bBjvsFETtmxmzKr07GD/KpEg=", "user"=>{"remember_me"=>"0", "password"=>"btsr-30", "email"=>"cs@clair.ro"}}
  [4;36;1mUser Load (5.1ms)[0m   [0;1mSELECT * FROM "users" WHERE ("users"."email" = E'cs@clair.ro') LIMIT 1[0m
WARNING: Can't mass-assign these protected attributes: remember_me
Rendering sessions/new
Rendered shared/_devise_links (1.9ms)
Completed in 59ms (View: 11, DB: 5) | 200 OK [http://localhost/users/sign_in]
  [4;35;1mSQL (0.1ms)[0m   [0mSET client_min_messages TO 'panic'[0m
  [4;36;1mSQL (0.1ms)[0m   [0;1mSET client_min_messages TO 'notice'[0m


Processing ConfirmationsController#show (for 127.0.0.1 at 2010-02-19 12:28:24) [GET]
  Parameters: {"confirmation_token"=>"TfLG1wdlXEP2jrgKRnbg"}
  [4;35;1mUser Load (2.7ms)[0m   [0mSELECT * FROM "users" WHERE ("users"."confirmation_token" = E'TfLG1wdlXEP2jrgKRnbg') LIMIT 1[0m
  [4;36;1mSQL (0.2ms)[0m   [0;1mBEGIN[0m
  [4;35;1mUser Update (1.0ms)[0m   [0mUPDATE "users" SET "updated_at" = '2010-02-19 10:28:24.023720', "confirmed_at" = '2010-02-19 10:28:24.022442', "confirmation_token" = NULL WHERE "id" = 2[0m
  [4;36;1mSQL (0.7ms)[0m   [0;1mCOMMIT[0m
  [4;35;1mSQL (0.2ms)[0m   [0mBEGIN[0m
  [4;36;1mUser Update (0.5ms)[0m   [0;1mUPDATE "users" SET "updated_at" = '2010-02-19 10:28:24.034984', "sign_in_count" = 1, "current_sign_in_at" = '2010-02-19 10:28:24.033955', "current_sign_in_ip" = E'127.0.0.1', "last_sign_in_at" = '2010-02-19 10:28:24.033955', "last_sign_in_ip" = E'127.0.0.1' WHERE "id" = 2[0m
  [4;35;1mSQL (0.4ms)[0m   [0mCOMMIT[0m

NameError (undefined local variable or method `root_path' for #<ConfirmationsController:0xb742108c>):
  devise (1.0.2) lib/devise/controllers/helpers.rb:121:in `after_sign_in_path_for'
  devise (1.0.2) lib/devise/controllers/helpers.rb:143:in `sign_in_and_redirect'
  devise (1.0.2) app/controllers/confirmations_controller.rb:28:in `show'
  warden (0.9.3) lib/warden/manager.rb:34:in `call'
  warden (0.9.3) lib/warden/manager.rb:33:in `catch'
  warden (0.9.3) lib/warden/manager.rb:33:in `call'

Rendered rescues/_trace (48.2ms)
Rendered rescues/_request_and_response (0.4ms)
Rendering rescues/layout (internal_server_error)
  [4;36;1mSQL (0.1ms)[0m   [0;1mSET client_min_messages TO 'panic'[0m
  [4;35;1mSQL (0.1ms)[0m   [0mSET client_min_messages TO 'notice'[0m


Processing ApplicationController#index (for 127.0.0.1 at 2010-02-19 12:30:09) [GET]

ActionController::MethodNotAllowed (Only post, put, and delete requests are allowed.):
  warden (0.9.3) lib/warden/manager.rb:34:in `call'
  warden (0.9.3) lib/warden/manager.rb:33:in `catch'
  warden (0.9.3) lib/warden/manager.rb:33:in `call'

Rendered rescues/_trace (38.8ms)
Rendered rescues/_request_and_response (1.7ms)
Rendering rescues/layout (method_not_allowed)
  [4;36;1mSQL (2.2ms)[0m   [0;1mSET client_min_messages TO 'panic'[0m
  [4;35;1mSQL (0.1ms)[0m   [0mSET client_min_messages TO 'notice'[0m


Processing SessionsController#new (for 127.0.0.1 at 2010-02-19 12:30:18) [GET]
  [4;36;1mUser Load (2.1ms)[0m   [0;1mSELECT * FROM "users" WHERE ("users"."id" = 2) LIMIT 1[0m

NameError (undefined local variable or method `root_path' for #<SessionsController:0xb703d650>):
  devise (1.0.2) lib/devise/controllers/helpers.rb:121:in `after_sign_in_path_for'
  devise (1.0.2) lib/devise/controllers/internal_helpers.rb:83:in `require_no_authentication'
  warden (0.9.3) lib/warden/manager.rb:34:in `call'
  warden (0.9.3) lib/warden/manager.rb:33:in `catch'
  warden (0.9.3) lib/warden/manager.rb:33:in `call'

Rendered rescues/_trace (54.7ms)
Rendered rescues/_request_and_response (0.4ms)
Rendering rescues/layout (internal_server_error)
  [4;36;1mSQL (0.1ms)[0m   [0;1mSET client_min_messages TO 'panic'[0m
  [4;35;1mSQL (0.1ms)[0m   [0mSET client_min_messages TO 'notice'[0m


Processing SessionsController#new (for 127.0.0.1 at 2010-02-19 12:36:56) [GET]
  Parameters: {"action"=>"new", "controller"=>"sessions"}
  [4;36;1mUser Load (1.9ms)[0m   [0;1mSELECT * FROM "users" WHERE ("users"."id" = 2) LIMIT 1[0m
Redirected to http://localhost:3000/
Filter chain halted as [:require_no_authentication] rendered_or_redirected.
Completed in 77ms (DB: 2) | 302 Found [http://localhost/users/sign_in]
  [4;35;1mSQL (0.1ms)[0m   [0mSET client_min_messages TO 'panic'[0m
  [4;36;1mSQL (0.1ms)[0m   [0;1mSET client_min_messages TO 'notice'[0m


Processing SessionsController#new (for 127.0.0.1 at 2010-02-19 12:37:12) [GET]
  Parameters: {"action"=>"new", "controller"=>"sessions"}
  [4;35;1mUser Load (2.3ms)[0m   [0mSELECT * FROM "users" WHERE ("users"."id" = 2) LIMIT 1[0m
Redirected to http://localhost:3000/
Filter chain halted as [:require_no_authentication] rendered_or_redirected.
Completed in 18ms (DB: 2) | 302 Found [http://localhost/users/sign_in]
  [4;36;1mSQL (0.1ms)[0m   [0;1mSET client_min_messages TO 'panic'[0m
  [4;35;1mSQL (0.1ms)[0m   [0mSET client_min_messages TO 'notice'[0m


Processing DashboardController#index (for 127.0.0.1 at 2010-02-19 12:37:54) [GET]
  Parameters: {"action"=>"index", "controller"=>"dashboard"}

ActionController::UnknownAction (No action responded to index. Actions: ):
  warden (0.9.3) lib/warden/manager.rb:34:in `call'
  warden (0.9.3) lib/warden/manager.rb:33:in `catch'
  warden (0.9.3) lib/warden/manager.rb:33:in `call'

Rendering rescues/layout (not_found)
  [4;36;1mSQL (0.2ms)[0m   [0;1mSET client_min_messages TO 'panic'[0m
  [4;35;1mSQL (0.1ms)[0m   [0mSET client_min_messages TO 'notice'[0m


Processing DashboardController#index (for 127.0.0.1 at 2010-02-19 12:38:26) [GET]
  Parameters: {"action"=>"index", "controller"=>"dashboard"}
Rendering dashboard/index
Completed in 25ms (View: 20, DB: 0) | 200 OK [http://localhost/dashboard]
  [4;36;1mSQL (0.2ms)[0m   [0;1mSET client_min_messages TO 'panic'[0m
  [4;35;1mSQL (0.1ms)[0m   [0mSET client_min_messages TO 'notice'[0m


Processing DashboardController#index (for 127.0.0.1 at 2010-02-19 12:38:50) [GET]
  Parameters: {"action"=>"index", "controller"=>"dashboard"}
Rendering dashboard/index
Completed in 8ms (View: 2, DB: 0) | 200 OK [http://localhost/]
  [4;36;1mSQL (0.1ms)[0m   [0;1mSET client_min_messages TO 'panic'[0m
  [4;35;1mSQL (0.1ms)[0m   [0mSET client_min_messages TO 'notice'[0m


Processing SessionsController#new (for 127.0.0.1 at 2010-02-19 12:38:55) [GET]
  Parameters: {"action"=>"new", "controller"=>"sessions"}
  [4;36;1mUser Load (1.9ms)[0m   [0;1mSELECT * FROM "users" WHERE ("users"."id" = 2) LIMIT 1[0m
Redirected to http://localhost:3000/
Filter chain halted as [:require_no_authentication] rendered_or_redirected.
Completed in 21ms (DB: 2) | 302 Found [http://localhost/users/sign_in]
  [4;35;1mSQL (0.1ms)[0m   [0mSET client_min_messages TO 'panic'[0m
  [4;36;1mSQL (0.1ms)[0m   [0;1mSET client_min_messages TO 'notice'[0m


Processing DashboardController#index (for 127.0.0.1 at 2010-02-19 12:38:55) [GET]
  Parameters: {"action"=>"index", "controller"=>"dashboard"}
Rendering dashboard/index
Completed in 4ms (View: 1, DB: 0) | 200 OK [http://localhost/]
  [4;35;1mSQL (0.1ms)[0m   [0mSET client_min_messages TO 'panic'[0m
  [4;36;1mSQL (0.1ms)[0m   [0;1mSET client_min_messages TO 'notice'[0m


Processing SessionsController#destroy (for 127.0.0.1 at 2010-02-19 12:39:30) [GET]
  Parameters: {"action"=>"destroy", "controller"=>"sessions"}
  [4;35;1mUser Load (1.9ms)[0m   [0mSELECT * FROM "users" WHERE ("users"."id" = 2) LIMIT 1[0m
Redirected to http://localhost:3000/
Completed in 111ms (DB: 2) | 302 Found [http://localhost/users/sign_out]
  [4;36;1mSQL (0.1ms)[0m   [0;1mSET client_min_messages TO 'panic'[0m
  [4;35;1mSQL (0.1ms)[0m   [0mSET client_min_messages TO 'notice'[0m


Processing DashboardController#index (for 127.0.0.1 at 2010-02-19 12:39:30) [GET]
  Parameters: {"action"=>"index", "controller"=>"dashboard"}
Rendering dashboard/index
Completed in 5ms (View: 1, DB: 0) | 200 OK [http://localhost/]
  [4;36;1mSQL (0.1ms)[0m   [0;1mSET client_min_messages TO 'panic'[0m
  [4;35;1mSQL (0.1ms)[0m   [0mSET client_min_messages TO 'notice'[0m


Processing SessionsController#new (for 127.0.0.1 at 2010-02-19 12:39:36) [GET]
  Parameters: {"action"=>"new", "controller"=>"sessions"}
Rendering sessions/new
Rendered shared/_devise_links (2.6ms)
Completed in 44ms (View: 28, DB: 0) | 200 OK [http://localhost/users/sign_in]
  [4;36;1mSQL (0.2ms)[0m   [0;1mSET client_min_messages TO 'panic'[0m
  [4;35;1mSQL (0.1ms)[0m   [0mSET client_min_messages TO 'notice'[0m


Processing DashboardController#index (for 127.0.0.1 at 2010-02-19 12:59:51) [GET]
  Parameters: {"action"=>"index", "controller"=>"dashboard"}
Rendering dashboard/index
Completed in 14ms (View: 10, DB: 0) | 200 OK [http://localhost/]
  [4;36;1mSQL (0.2ms)[0m   [0;1mSET client_min_messages TO 'panic'[0m
  [4;35;1mSQL (0.1ms)[0m   [0mSET client_min_messages TO 'notice'[0m


Processing DashboardController#index (for 127.0.0.1 at 2010-02-19 13:24:54) [GET]
  Parameters: {"action"=>"index", "controller"=>"dashboard"}
Rendering dashboard/index
Completed in 13ms (View: 10, DB: 0) | 200 OK [http://localhost/]
  [4;36;1mSQL (0.1ms)[0m   [0;1mSET client_min_messages TO 'panic'[0m
  [4;35;1mSQL (0.1ms)[0m   [0mSET client_min_messages TO 'notice'[0m


Processing ApplicationController#index (for 127.0.0.1 at 2010-02-19 13:24:58) [GET]

ActionController::RoutingError (No route matches "/login" with {:method=>:get}):
  warden (0.9.3) lib/warden/manager.rb:34:in `call'
  warden (0.9.3) lib/warden/manager.rb:33:in `catch'
  warden (0.9.3) lib/warden/manager.rb:33:in `call'

Rendering rescues/layout (not_found)
  [4;36;1mSQL (0.2ms)[0m   [0;1mSET client_min_messages TO 'panic'[0m
  [4;35;1mSQL (0.1ms)[0m   [0mSET client_min_messages TO 'notice'[0m


Processing ApplicationController#index (for 127.0.0.1 at 2010-02-19 13:25:01) [GET]

ActionController::RoutingError (No route matches "/login" with {:method=>:get}):
  warden (0.9.3) lib/warden/manager.rb:34:in `call'
  warden (0.9.3) lib/warden/manager.rb:33:in `catch'
  warden (0.9.3) lib/warden/manager.rb:33:in `call'

Rendering rescues/layout (not_found)
  [4;36;1mSQL (0.1ms)[0m   [0;1mSET client_min_messages TO 'panic'[0m
  [4;35;1mSQL (0.1ms)[0m   [0mSET client_min_messages TO 'notice'[0m


Processing ApplicationController#index (for 127.0.0.1 at 2010-02-19 13:25:10) [GET]

ActionController::RoutingError (No route matches "/sign_in" with {:method=>:get}):
  warden (0.9.3) lib/warden/manager.rb:34:in `call'
  warden (0.9.3) lib/warden/manager.rb:33:in `catch'
  warden (0.9.3) lib/warden/manager.rb:33:in `call'

Rendering rescues/layout (not_found)
  [4;36;1mSQL (0.1ms)[0m   [0;1mSET client_min_messages TO 'panic'[0m
  [4;35;1mSQL (0.1ms)[0m   [0mSET client_min_messages TO 'notice'[0m


Processing SessionsController#new (for 127.0.0.1 at 2010-02-19 13:25:35) [GET]
  Parameters: {"action"=>"new", "controller"=>"sessions"}
Rendering sessions/new
Rendered shared/_devise_links (2.5ms)
Completed in 58ms (View: 42, DB: 0) | 200 OK [http://localhost/users/login]
  [4;36;1mSQL (0.2ms)[0m   [0;1mSET client_min_messages TO 'panic'[0m
  [4;35;1mSQL (0.1ms)[0m   [0mSET client_min_messages TO 'notice'[0m


Processing DashboardController#index (for 127.0.0.1 at 2010-02-19 13:28:24) [GET]
  Parameters: {"action"=>"index", "controller"=>"dashboard"}
  [4;36;1mSQL (0.2ms)[0m   [0;1mSET client_min_messages TO 'panic'[0m
  [4;35;1mSQL (0.1ms)[0m   [0mSET client_min_messages TO 'notice'[0m


Processing SessionsController#new (for 127.0.0.1 at 2010-02-19 13:28:24) [GET]
  Parameters: {"unauthenticated"=>"true", "action"=>"new", "controller"=>"sessions"}
Rendering sessions/new
Rendered shared/_devise_links (1.0ms)
Completed in 33ms (View: 9, DB: 0) | 200 OK [http://localhost/users/login?unauthenticated=true]
  [4;36;1mSQL (0.2ms)[0m   [0;1mSET client_min_messages TO 'panic'[0m
  [4;35;1mSQL (0.1ms)[0m   [0mSET client_min_messages TO 'notice'[0m


Processing SessionsController#create (for 127.0.0.1 at 2010-02-19 13:29:01) [POST]
  Parameters: {"commit"=>"Sign in", "action"=>"create", "authenticity_token"=>"y/srryGrGz0DrZRINX8bBjvsFETtmxmzKr07GD/KpEg=", "controller"=>"sessions", "user"=>{"remember_me"=>"1", "password"=>"[FILTERED]", "email"=>"cs@clair.ro"}}
  [4;36;1mUser Load (4.9ms)[0m   [0;1mSELECT * FROM "users" WHERE ("users"."email" = E'cs@clair.ro') LIMIT 1[0m
  [4;35;1mSQL (0.1ms)[0m   [0mBEGIN[0m
  [4;36;1mUser Update (0.7ms)[0m   [0;1mUPDATE "users" SET "updated_at" = '2010-02-19 11:29:01.634428', "remember_token" = E'AnZTpUrWGnkPeICd5UnL', "remember_created_at" = '2010-02-19 11:29:01.587337' WHERE "id" = 2[0m
  [4;35;1mSQL (0.4ms)[0m   [0mCOMMIT[0m
  [4;36;1mSQL (0.1ms)[0m   [0;1mBEGIN[0m
  [4;35;1mUser Update (0.3ms)[0m   [0mUPDATE "users" SET "updated_at" = '2010-02-19 11:29:01.665264', "sign_in_count" = 2, "current_sign_in_at" = '2010-02-19 11:29:01.664393' WHERE "id" = 2[0m
  [4;36;1mSQL (0.3ms)[0m   [0;1mCOMMIT[0m
Redirected to http://localhost:3000/
Completed in 247ms (DB: 7) | 302 Found [http://localhost/users/login]
  [4;35;1mSQL (0.2ms)[0m   [0mSET client_min_messages TO 'panic'[0m
  [4;36;1mSQL (0.1ms)[0m   [0;1mSET client_min_messages TO 'notice'[0m


Processing DashboardController#index (for 127.0.0.1 at 2010-02-19 13:29:01) [GET]
  Parameters: {"action"=>"index", "controller"=>"dashboard"}
  [4;35;1mUser Load (1.9ms)[0m   [0mSELECT * FROM "users" WHERE ("users"."id" = 2) LIMIT 1[0m
Rendering dashboard/index
Completed in 20ms (View: 1, DB: 2) | 200 OK [http://localhost/]
  [4;36;1mSQL (0.2ms)[0m   [0;1mSET client_min_messages TO 'panic'[0m
  [4;35;1mSQL (0.1ms)[0m   [0mSET client_min_messages TO 'notice'[0m


Processing DashboardController#index (for 127.0.0.1 at 2010-02-19 13:29:05) [GET]
  Parameters: {"action"=>"index", "controller"=>"dashboard"}
  [4;36;1mUser Load (3.8ms)[0m   [0;1mSELECT * FROM "users" WHERE ("users"."id" = 2) LIMIT 1[0m
Rendering dashboard/index
Completed in 41ms (View: 1, DB: 4) | 200 OK [http://localhost/]
  [4;36;1mSQL (0.1ms)[0m   [0;1mSET client_min_messages TO 'panic'[0m
  [4;35;1mSQL (0.2ms)[0m   [0mSET client_min_messages TO 'notice'[0m


Processing DashboardController#index (for 127.0.0.1 at 2010-02-19 14:04:12) [GET]
  Parameters: {"action"=>"index", "controller"=>"dashboard"}
  [4;36;1mUser Load (1.9ms)[0m   [0;1mSELECT * FROM "users" WHERE ("users"."id" = 2) LIMIT 1[0m
Rendering dashboard/index
Completed in 89ms (View: 9, DB: 2) | 200 OK [http://localhost/]
  [4;35;1mSQL (0.1ms)[0m   [0mSET client_min_messages TO 'panic'[0m
  [4;36;1mSQL (0.1ms)[0m   [0;1mSET client_min_messages TO 'notice'[0m


Processing SessionsController#destroy (for 127.0.0.1 at 2010-02-19 14:04:24) [GET]
  Parameters: {"action"=>"destroy", "controller"=>"sessions"}
  [4;35;1mUser Load (2.3ms)[0m   [0mSELECT * FROM "users" WHERE ("users"."id" = 2) LIMIT 1[0m
  [4;36;1mSQL (0.1ms)[0m   [0;1mBEGIN[0m
  [4;35;1mUser Update (0.8ms)[0m   [0mUPDATE "users" SET "updated_at" = '2010-02-19 12:04:24.662934', "remember_token" = NULL, "remember_created_at" = NULL WHERE "id" = 2[0m
  [4;36;1mSQL (0.5ms)[0m   [0;1mCOMMIT[0m
Redirected to http://localhost:3000/
Completed in 33ms (DB: 4) | 302 Found [http://localhost/users/logout]
  [4;35;1mSQL (0.4ms)[0m   [0mSET client_min_messages TO 'panic'[0m
  [4;36;1mSQL (0.1ms)[0m   [0;1mSET client_min_messages TO 'notice'[0m


Processing DashboardController#index (for 127.0.0.1 at 2010-02-19 14:04:24) [GET]
  Parameters: {"action"=>"index", "controller"=>"dashboard"}
  [4;35;1mUser Load (1.8ms)[0m   [0mSELECT * FROM "users" WHERE ("users"."id" = E'2') LIMIT 1[0m
  [4;36;1mSQL (0.1ms)[0m   [0;1mSET client_min_messages TO 'panic'[0m
  [4;35;1mSQL (0.1ms)[0m   [0mSET client_min_messages TO 'notice'[0m


Processing SessionsController#new (for 127.0.0.1 at 2010-02-19 14:04:24) [GET]
  Parameters: {"unauthenticated"=>"true", "action"=>"new", "controller"=>"sessions"}
Rendering sessions/new
Rendered shared/_devise_links (2.7ms)
Completed in 37ms (View: 20, DB: 0) | 200 OK [http://localhost/users/login?unauthenticated=true]
  [4;36;1mSQL (0.2ms)[0m   [0;1mSET client_min_messages TO 'panic'[0m
  [4;35;1mSQL (0.1ms)[0m   [0mSET client_min_messages TO 'notice'[0m


Processing PasswordsController#new (for 127.0.0.1 at 2010-02-19 14:04:33) [GET]
  Parameters: {"action"=>"new", "controller"=>"passwords"}
Rendering passwords/new
Rendered shared/_devise_links (1.0ms)
Completed in 99ms (View: 84, DB: 0) | 200 OK [http://localhost/users/password/new]
  [4;36;1mSQL (0.2ms)[0m   [0;1mSET client_min_messages TO 'panic'[0m
  [4;35;1mSQL (0.1ms)[0m   [0mSET client_min_messages TO 'notice'[0m


Processing PasswordsController#create (for 127.0.0.1 at 2010-02-19 14:04:39) [POST]
  Parameters: {"commit"=>"Send me reset password instructions", "action"=>"create", "authenticity_token"=>"y/srryGrGz0DrZRINX8bBjvsFETtmxmzKr07GD/KpEg=", "controller"=>"passwords", "user"=>{"email"=>"cs@clair.ro"}}
  [4;36;1mUser Load (5.2ms)[0m   [0;1mSELECT * FROM "users" WHERE ("users"."email" = E'cs@clair.ro') LIMIT 1[0m
  [4;35;1mSQL (0.1ms)[0m   [0mBEGIN[0m
  [4;36;1mUser Update (1.0ms)[0m   [0;1mUPDATE "users" SET "updated_at" = '2010-02-19 12:04:39.368620', "reset_password_token" = E'T6HYA1NDQ-nGEJWtsbl4' WHERE "id" = 2[0m
  [4;35;1mSQL (0.5ms)[0m   [0mCOMMIT[0m
Sent mail to cs@clair.ro

Date: Fri, 19 Feb 2010 14:04:39 +0200
From: hello.kobi@gmail.com
To: cs@clair.ro
Subject: Reset password instructions
Mime-Version: 1.0
Content-Type: text/plain; charset=utf-8

Hello cs@clair.ro!

Someone has requested a link to change your password, and you can do this through the link below.

<a href="http://localhost:3000/users/password/edit?reset_password_token=T6HYA1NDQ-nGEJWtsbl4">Change my password</a>

If you didn't request this, please ignore this email.
Your password won't change until you access the link above and create a new one.
Redirected to http://localhost:3000/users/login
Completed in 91ms (DB: 7) | 302 Found [http://localhost/users/password]
  [4;36;1mSQL (0.1ms)[0m   [0;1mSET client_min_messages TO 'panic'[0m
  [4;35;1mSQL (0.1ms)[0m   [0mSET client_min_messages TO 'notice'[0m


Processing SessionsController#new (for 127.0.0.1 at 2010-02-19 14:04:39) [GET]
  Parameters: {"action"=>"new", "controller"=>"sessions"}
Rendering sessions/new
Rendered shared/_devise_links (4.6ms)
Completed in 28ms (View: 12, DB: 0) | 200 OK [http://localhost/users/login]
  [4;36;1mSQL (0.1ms)[0m   [0;1mSET client_min_messages TO 'panic'[0m
  [4;35;1mSQL (0.1ms)[0m   [0mSET client_min_messages TO 'notice'[0m


Processing PasswordsController#new (for 127.0.0.1 at 2010-02-19 14:07:43) [GET]
  Parameters: {"action"=>"new", "controller"=>"passwords"}
Rendering passwords/new
Rendered shared/_devise_links (2.8ms)
Completed in 56ms (View: 47, DB: 0) | 200 OK [http://localhost/users/password/new]
  [4;36;1mSQL (0.2ms)[0m   [0;1mSET client_min_messages TO 'panic'[0m
  [4;35;1mSQL (0.1ms)[0m   [0mSET client_min_messages TO 'notice'[0m


Processing PasswordsController#create (for 127.0.0.1 at 2010-02-19 14:07:48) [POST]
  Parameters: {"commit"=>"Send me reset password instructions", "action"=>"create", "authenticity_token"=>"y/srryGrGz0DrZRINX8bBjvsFETtmxmzKr07GD/KpEg=", "controller"=>"passwords", "user"=>{"email"=>"cs@clair.ro"}}
  [4;36;1mUser Load (4.9ms)[0m   [0;1mSELECT * FROM "users" WHERE ("users"."email" = E'cs@clair.ro') LIMIT 1[0m
  [4;35;1mSQL (0.1ms)[0m   [0mBEGIN[0m
  [4;36;1mUser Update (1.0ms)[0m   [0;1mUPDATE "users" SET "updated_at" = '2010-02-19 12:07:48.751494', "reset_password_token" = E'HveapLYgBF-V2X2HgJyO' WHERE "id" = 2[0m
  [4;35;1mSQL (0.6ms)[0m   [0mCOMMIT[0m
Sent mail to cs@clair.ro

Date: Fri, 19 Feb 2010 14:07:48 +0200
From: hello.kobi@gmail.com
To: cs@clair.ro
Subject: Reset password instructions
Mime-Version: 1.0
Content-Type: text/plain; charset=utf-8

Hello cs@clair.ro!

Someone has requested a link to change your password, and you can do this through the link below.

<a href="http://gmail.com/users/password/edit?reset_password_token=HveapLYgBF-V2X2HgJyO">Change my password</a>

If you didn't request this, please ignore this email.
Your password won't change until you access the link above and create a new one.
Redirected to http://localhost:3000/users/login
Completed in 106ms (DB: 7) | 302 Found [http://localhost/users/password]
  [4;36;1mSQL (0.2ms)[0m   [0;1mSET client_min_messages TO 'panic'[0m
  [4;35;1mSQL (0.1ms)[0m   [0mSET client_min_messages TO 'notice'[0m


Processing SessionsController#new (for 127.0.0.1 at 2010-02-19 14:07:48) [GET]
  Parameters: {"action"=>"new", "controller"=>"sessions"}
Rendering sessions/new
Rendered shared/_devise_links (1.0ms)
Completed in 31ms (View: 18, DB: 0) | 200 OK [http://localhost/users/login]
  [4;36;1mSQL (0.1ms)[0m   [0;1mSET client_min_messages TO 'panic'[0m
  [4;35;1mSQL (0.1ms)[0m   [0mSET client_min_messages TO 'notice'[0m


Processing PasswordsController#new (for 127.0.0.1 at 2010-02-19 14:16:42) [GET]
  Parameters: {"action"=>"new", "controller"=>"passwords"}
Rendering passwords/new
Rendered shared/_devise_links (2.8ms)
Completed in 51ms (View: 41, DB: 0) | 200 OK [http://localhost/users/password/new]
  [4;36;1mSQL (0.2ms)[0m   [0;1mSET client_min_messages TO 'panic'[0m
  [4;35;1mSQL (0.1ms)[0m   [0mSET client_min_messages TO 'notice'[0m


Processing PasswordsController#create (for 127.0.0.1 at 2010-02-19 14:16:46) [POST]
  Parameters: {"commit"=>"Send me reset password instructions", "action"=>"create", "authenticity_token"=>"y/srryGrGz0DrZRINX8bBjvsFETtmxmzKr07GD/KpEg=", "controller"=>"passwords", "user"=>{"email"=>"cs@clair.ro"}}
  [4;36;1mUser Load (5.0ms)[0m   [0;1mSELECT * FROM "users" WHERE ("users"."email" = E'cs@clair.ro') LIMIT 1[0m
  [4;35;1mSQL (0.2ms)[0m   [0mBEGIN[0m
  [4;36;1mUser Update (1.1ms)[0m   [0;1mUPDATE "users" SET "updated_at" = '2010-02-19 12:16:46.976660', "reset_password_token" = E'XzzqnuY9BMB5kmwbUvGK' WHERE "id" = 2[0m
  [4;35;1mSQL (0.6ms)[0m   [0mCOMMIT[0m
Sent mail to cs@clair.ro

Date: Fri, 19 Feb 2010 14:16:46 +0200
From: hello.kobi@gmail.com
To: cs@clair.ro
Subject: Reset password instructions
Mime-Version: 1.0
Content-Type: text/plain; charset=utf-8

Hello cs@clair.ro!

Someone has requested a link to change your password, and you can do this through the link below.

<a href="http://gmail.com/users/password/edit?reset_password_token=XzzqnuY9BMB5kmwbUvGK">Change my password</a>

If you didn't request this, please ignore this email.
Your password won't change until you access the link above and create a new one.

ArgumentError (wrong number of arguments (3 for 2)):
  /usr/lib/ruby/1.8/net/smtp.rb:525:in `start'
  devise (1.0.2) lib/devise/models/recoverable.rb:35:in `send_reset_password_instructions'
  devise (1.0.2) lib/devise/models/recoverable.rb:63:in `send_reset_password_instructions'
  devise (1.0.2) app/controllers/passwords_controller.rb:14:in `create'
  warden (0.9.3) lib/warden/manager.rb:34:in `call'
  warden (0.9.3) lib/warden/manager.rb:33:in `catch'
  warden (0.9.3) lib/warden/manager.rb:33:in `call'

Rendered rescues/_trace (99.5ms)
Rendered rescues/_request_and_response (1.8ms)
Rendering rescues/layout (internal_server_error)
  [4;36;1mSQL (0.1ms)[0m   [0;1mSET client_min_messages TO 'panic'[0m
  [4;35;1mSQL (0.1ms)[0m   [0mSET client_min_messages TO 'notice'[0m


Processing PasswordsController#create (for 127.0.0.1 at 2010-02-19 14:25:14) [POST]
  Parameters: {"commit"=>"Send me reset password instructions", "action"=>"create", "authenticity_token"=>"y/srryGrGz0DrZRINX8bBjvsFETtmxmzKr07GD/KpEg=", "controller"=>"passwords", "user"=>{"email"=>"cs@clair.ro"}}
  [4;36;1mUser Load (3.1ms)[0m   [0;1mSELECT * FROM "users" WHERE ("users"."email" = E'cs@clair.ro') LIMIT 1[0m
  [4;35;1mSQL (0.2ms)[0m   [0mBEGIN[0m
  [4;36;1mUser Update (0.8ms)[0m   [0;1mUPDATE "users" SET "updated_at" = '2010-02-19 12:25:14.797845', "reset_password_token" = E'faKA-ChbXEyFFFWglOBi' WHERE "id" = 2[0m
  [4;35;1mSQL (0.4ms)[0m   [0mCOMMIT[0m
Sent mail to cs@clair.ro

Date: Fri, 19 Feb 2010 14:25:14 +0200
From: hello.kobi@gmail.com
To: cs@clair.ro
Subject: Reset password instructions
Mime-Version: 1.0
Content-Type: text/plain; charset=utf-8

Hello cs@clair.ro!

Someone has requested a link to change your password, and you can do this through the link below.

<a href="http://loclahost:3000/users/password/edit?reset_password_token=faKA-ChbXEyFFFWglOBi">Change my password</a>

If you didn't request this, please ignore this email.
Your password won't change until you access the link above and create a new one.

ArgumentError (wrong number of arguments (3 for 2)):
  /usr/lib/ruby/1.8/net/smtp.rb:525:in `start'
  devise (1.0.2) lib/devise/models/recoverable.rb:35:in `send_reset_password_instructions'
  devise (1.0.2) lib/devise/models/recoverable.rb:63:in `send_reset_password_instructions'
  devise (1.0.2) app/controllers/passwords_controller.rb:14:in `create'
  warden (0.9.3) lib/warden/manager.rb:34:in `call'
  warden (0.9.3) lib/warden/manager.rb:33:in `catch'
  warden (0.9.3) lib/warden/manager.rb:33:in `call'

Rendered rescues/_trace (52.0ms)
Rendered rescues/_request_and_response (1.8ms)
Rendering rescues/layout (internal_server_error)
  [4;36;1mSQL (0.2ms)[0m   [0;1mSET client_min_messages TO 'panic'[0m
  [4;35;1mSQL (0.1ms)[0m   [0mSET client_min_messages TO 'notice'[0m
  [4;36;1mUser Load (2.8ms)[0m   [0;1mSELECT * FROM "users" LIMIT 1[0m
  [4;36;1mSQL (0.5ms)[0m   [0;1mSET client_min_messages TO 'panic'[0m
  [4;35;1mSQL (0.1ms)[0m   [0mSET client_min_messages TO 'notice'[0m
  [4;36;1mUser Load (4.0ms)[0m   [0;1mSELECT * FROM "users" LIMIT 1[0m
  [4;36;1mSQL (0.2ms)[0m   [0;1mSET client_min_messages TO 'panic'[0m
  [4;35;1mSQL (0.1ms)[0m   [0mSET client_min_messages TO 'notice'[0m
  [4;36;1mUser Load (2.7ms)[0m   [0;1mSELECT * FROM "users" LIMIT 1[0m
Sent mail to cs@clair.ro

Date: Fri, 19 Feb 2010 14:35:52 +0200
From: My Awesome Site Notifications <notifications@example.com>
To: cs@clair.ro
Subject: Welcome to My Awesome Site
Mime-Version: 1.0
Content-Type: multipart/alternative; boundary=mimepart_4b7e85a839f93_3da2..fdbee00d81e


--mimepart_4b7e85a839f93_3da2..fdbee00d81e
Content-Type: text/plain; charset=utf-8
Content-Transfer-Encoding: Quoted-printable
Content-Disposition: inline

just testing ....

--mimepart_4b7e85a839f93_3da2..fdbee00d81e--
  [4;36;1mSQL (0.2ms)[0m   [0;1mSET client_min_messages TO 'panic'[0m
  [4;35;1mSQL (0.1ms)[0m   [0mSET client_min_messages TO 'notice'[0m
  [4;36;1mUser Load (2.7ms)[0m   [0;1mSELECT * FROM "users" LIMIT 1[0m
Sent mail to cs@clair.ro

Date: Fri, 19 Feb 2010 14:38:16 +0200
From: My Awesome Site Notifications <notifications@example.com>
To: cs@clair.ro
Subject: Welcome to My Awesome Site
Mime-Version: 1.0
Content-Type: multipart/alternative; boundary=mimepart_4b7e8638c907d_3e17..fdbe338d81d


--mimepart_4b7e8638c907d_3e17..fdbe338d81d
Content-Type: text/plain; charset=utf-8
Content-Transfer-Encoding: Quoted-printable
Content-Disposition: inline

just testing ....

--mimepart_4b7e8638c907d_3e17..fdbe338d81d--
  [4;36;1mSQL (0.2ms)[0m   [0;1mSET client_min_messages TO 'panic'[0m
  [4;35;1mSQL (0.1ms)[0m   [0mSET client_min_messages TO 'notice'[0m
  [4;36;1mUser Load (2.8ms)[0m   [0;1mSELECT * FROM "users" LIMIT 1[0m
Sent mail to cs@clair.ro

Date: Fri, 19 Feb 2010 14:51:25 +0200
From: My Awesome Site Notifications <notifications@example.com>
To: cs@clair.ro
Subject: Welcome to My Awesome Site
Mime-Version: 1.0
Content-Type: multipart/alternative; boundary=mimepart_4b7e894d86ff6_4287..fdbe2c0d8147


--mimepart_4b7e894d86ff6_4287..fdbe2c0d8147
Content-Type: text/plain; charset=utf-8
Content-Transfer-Encoding: Quoted-printable
Content-Disposition: inline

just testing ....

--mimepart_4b7e894d86ff6_4287..fdbe2c0d8147--
  [4;36;1mSQL (0.2ms)[0m   [0;1mSET client_min_messages TO 'panic'[0m
  [4;35;1mSQL (0.1ms)[0m   [0mSET client_min_messages TO 'notice'[0m
  [4;36;1mUser Load (2.8ms)[0m   [0;1mSELECT * FROM "users" LIMIT 1[0m
Sent mail to cs@clair.ro

Date: Fri, 19 Feb 2010 14:58:59 +0200
From: kobi
To: cs@clair.ro
Subject: Welcome to My Awesome Site
Mime-Version: 1.0
Content-Type: multipart/alternative; boundary=mimepart_4b7e8b1361321_43bc..fdbe3b0d817f


--mimepart_4b7e8b1361321_43bc..fdbe3b0d817f
Content-Type: text/plain; charset=utf-8
Content-Transfer-Encoding: Quoted-printable
Content-Disposition: inline

just testing ....

--mimepart_4b7e8b1361321_43bc..fdbe3b0d817f--
  [4;36;1mSQL (0.2ms)[0m   [0;1mSET client_min_messages TO 'panic'[0m
  [4;35;1mSQL (0.1ms)[0m   [0mSET client_min_messages TO 'notice'[0m


Processing DashboardController#index (for 127.0.0.1 at 2010-02-19 14:59:56) [GET]
  Parameters: {"action"=>"index", "controller"=>"dashboard"}
  [4;36;1mUser Load (1.8ms)[0m   [0;1mSELECT * FROM "users" WHERE ("users"."id" = E'2') LIMIT 1[0m
  [4;35;1mSQL (0.1ms)[0m   [0mSET client_min_messages TO 'panic'[0m
  [4;36;1mSQL (0.1ms)[0m   [0;1mSET client_min_messages TO 'notice'[0m


Processing SessionsController#new (for 127.0.0.1 at 2010-02-19 14:59:56) [GET]
  Parameters: {"unauthenticated"=>"true", "action"=>"new", "controller"=>"sessions"}
Rendering sessions/new
Rendered shared/_devise_links (2.7ms)
Completed in 54ms (View: 35, DB: 0) | 200 OK [http://localhost/users/login?unauthenticated=true]
  [4;35;1mSQL (0.2ms)[0m   [0mSET client_min_messages TO 'panic'[0m
  [4;36;1mSQL (0.1ms)[0m   [0;1mSET client_min_messages TO 'notice'[0m


Processing PasswordsController#new (for 127.0.0.1 at 2010-02-19 14:59:57) [GET]
  Parameters: {"action"=>"new", "controller"=>"passwords"}
Rendering passwords/new
Rendered shared/_devise_links (1.9ms)
Completed in 58ms (View: 31, DB: 0) | 200 OK [http://localhost/users/password/new]
  [4;35;1mSQL (0.2ms)[0m   [0mSET client_min_messages TO 'panic'[0m
  [4;36;1mSQL (0.2ms)[0m   [0;1mSET client_min_messages TO 'notice'[0m


Processing PasswordsController#create (for 127.0.0.1 at 2010-02-19 15:00:02) [POST]
  Parameters: {"commit"=>"Send me reset password instructions", "action"=>"create", "authenticity_token"=>"y/srryGrGz0DrZRINX8bBjvsFETtmxmzKr07GD/KpEg=", "controller"=>"passwords", "user"=>{"email"=>"cs@clair.ro"}}
  [4;35;1mUser Load (6.2ms)[0m   [0mSELECT * FROM "users" WHERE ("users"."email" = E'cs@clair.ro') LIMIT 1[0m
  [4;36;1mSQL (0.1ms)[0m   [0;1mBEGIN[0m
  [4;35;1mUser Update (0.6ms)[0m   [0mUPDATE "users" SET "updated_at" = '2010-02-19 13:00:02.918279', "reset_password_token" = E'16D1KMgpF-5wnSatEsYs' WHERE "id" = 2[0m
  [4;36;1mSQL (0.5ms)[0m   [0;1mCOMMIT[0m
Sent mail to cs@clair.ro

Date: Fri, 19 Feb 2010 15:00:02 +0200
From: hello.kobi@gmail.com
To: cs@clair.ro
Subject: Reset password instructions
Mime-Version: 1.0
Content-Type: text/plain; charset=utf-8

Hello cs@clair.ro!

Someone has requested a link to change your password, and you can do this through the link below.

<a href="http://localhost:3000/users/password/edit?reset_password_token=16D1KMgpF-5wnSatEsYs">Change my password</a>

If you didn't request this, please ignore this email.
Your password won't change until you access the link above and create a new one.
Redirected to http://localhost:3000/users/login
Completed in 2844ms (DB: 8) | 302 Found [http://localhost/users/password]
  [4;35;1mSQL (0.2ms)[0m   [0mSET client_min_messages TO 'panic'[0m
  [4;36;1mSQL (0.1ms)[0m   [0;1mSET client_min_messages TO 'notice'[0m


Processing SessionsController#new (for 127.0.0.1 at 2010-02-19 15:00:05) [GET]
  Parameters: {"action"=>"new", "controller"=>"sessions"}
Rendering sessions/new
Rendered shared/_devise_links (103.9ms)
Completed in 144ms (View: 119, DB: 0) | 200 OK [http://localhost/users/login]
  [4;36;1mSQL (0.1ms)[0m   [0;1mSET client_min_messages TO 'panic'[0m
  [4;35;1mSQL (0.1ms)[0m   [0mSET client_min_messages TO 'notice'[0m
  [4;36;1mSQL (0.3ms)[0m   [0;1mSELECT version FROM schema_migrations[0m
Migrating to DeviseCreateUsers (20100219102133)
Migrating to DeviseAddUserName (20100219132406)
  [4;35;1mSQL (0.1ms)[0m   [0mBEGIN[0m
  [4;36;1mSQL (0.1ms)[0m   [0;1mROLLBACK[0m
  [4;36;1mSQL (0.1ms)[0m   [0;1mSET client_min_messages TO 'panic'[0m
  [4;35;1mSQL (0.1ms)[0m   [0mSET client_min_messages TO 'notice'[0m
  [4;36;1mSQL (0.3ms)[0m   [0;1mSELECT version FROM schema_migrations[0m
Migrating to DeviseCreateUsers (20100219102133)
Migrating to DeviseAddUserName (20100219132406)
  [4;35;1mSQL (0.1ms)[0m   [0mBEGIN[0m
  [4;36;1mSQL (1.0ms)[0m   [0;1mALTER TABLE "users" ADD COLUMN "name" character varying(255)[0m
  [4;35;1mSQL (5.4ms)[0m   [0mCREATE UNIQUE INDEX "index_users_on_name" ON "users" ("name")[0m
  [4;36;1mSQL (0.2ms)[0m   [0;1mINSERT INTO schema_migrations (version) VALUES ('20100219132406')[0m
  [4;35;1mSQL (1.2ms)[0m   [0mCOMMIT[0m
  [4;36;1mSQL (0.1ms)[0m   [0;1mSELECT version FROM schema_migrations[0m
  [4;36;1mSQL (0.2ms)[0m   [0;1mSET client_min_messages TO 'panic'[0m
  [4;35;1mSQL (0.1ms)[0m   [0mSET client_min_messages TO 'notice'[0m


Processing SessionsController#new (for 127.0.0.1 at 2010-02-19 15:27:22) [GET]
  Parameters: {"action"=>"new", "controller"=>"sessions"}
Rendering sessions/new
Rendered shared/_devise_links (2.8ms)
Completed in 56ms (View: 47, DB: 0) | 200 OK [http://localhost/users/login]
  [4;36;1mSQL (0.2ms)[0m   [0;1mSET client_min_messages TO 'panic'[0m
  [4;35;1mSQL (0.1ms)[0m   [0mSET client_min_messages TO 'notice'[0m


Processing SessionsController#new (for 127.0.0.1 at 2010-02-19 15:29:24) [GET]
  Parameters: {"action"=>"new", "controller"=>"sessions"}
Rendering sessions/new
Rendered shared/_devise_links (9.1ms)
Completed in 51ms (View: 25, DB: 0) | 200 OK [http://localhost/users/login]
  [4;36;1mSQL (0.2ms)[0m   [0;1mSET client_min_messages TO 'panic'[0m
  [4;35;1mSQL (0.1ms)[0m   [0mSET client_min_messages TO 'notice'[0m


Processing RegistrationsController#new (for 127.0.0.1 at 2010-02-19 15:29:26) [GET]
  Parameters: {"action"=>"new", "controller"=>"registrations"}
Rendering registrations/new
Rendered shared/_devise_links (1.0ms)
Completed in 44ms (View: 18, DB: 0) | 200 OK [http://localhost/users/new]
  [4;36;1mSQL (0.2ms)[0m   [0;1mSET client_min_messages TO 'panic'[0m
  [4;35;1mSQL (0.1ms)[0m   [0mSET client_min_messages TO 'notice'[0m


Processing RegistrationsController#create (for 127.0.0.1 at 2010-02-19 15:29:42) [POST]
  Parameters: {"commit"=>"Sign up", "action"=>"create", "authenticity_token"=>"y/srryGrGz0DrZRINX8bBjvsFETtmxmzKr07GD/KpEg=", "controller"=>"registrations", "user"=>{"name"=>"test", "password_confirmation"=>"[FILTERED]", "password"=>"[FILTERED]", "email"=>"cs@clair.ro"}}
WARNING: Can't mass-assign these protected attributes: name
  [4;36;1mSQL (0.1ms)[0m   [0;1mBEGIN[0m
  [4;35;1mUser Load (1.3ms)[0m   [0mSELECT "users".id FROM "users" WHERE ("users"."email" = E'cs@clair.ro' AND "users".email = E'cs@clair.ro') LIMIT 1[0m
  [4;36;1mSQL (0.1ms)[0m   [0;1mROLLBACK[0m
Rendering registrations/new
Rendered shared/_devise_links (1.0ms)
Completed in 65ms (View: 13, DB: 2) | 200 OK [http://localhost/users]
  [4;35;1mSQL (0.2ms)[0m   [0mSET client_min_messages TO 'panic'[0m
  [4;36;1mSQL (0.1ms)[0m   [0;1mSET client_min_messages TO 'notice'[0m


Processing DashboardController#index (for 127.0.0.1 at 2010-02-19 15:31:34) [GET]
  Parameters: {"action"=>"index", "controller"=>"dashboard"}
  [4;35;1mUser Load (1.9ms)[0m   [0mSELECT * FROM "users" WHERE ("users"."id" = E'2') LIMIT 1[0m
  [4;36;1mSQL (2.3ms)[0m   [0;1mSET client_min_messages TO 'panic'[0m
  [4;35;1mSQL (0.1ms)[0m   [0mSET client_min_messages TO 'notice'[0m


Processing SessionsController#new (for 127.0.0.1 at 2010-02-19 15:31:34) [GET]
  Parameters: {"unauthenticated"=>"true", "action"=>"new", "controller"=>"sessions"}
Rendering sessions/new
Rendered shared/_devise_links (1.1ms)
Completed in 28ms (View: 9, DB: 2) | 200 OK [http://localhost/account/login?unauthenticated=true]
  [4;36;1mSQL (0.2ms)[0m   [0;1mSET client_min_messages TO 'panic'[0m
  [4;35;1mSQL (0.1ms)[0m   [0mSET client_min_messages TO 'notice'[0m


Processing SessionsController#create (for 127.0.0.1 at 2010-02-19 15:31:48) [POST]
  Parameters: {"commit"=>"Sign in", "action"=>"create", "authenticity_token"=>"y/srryGrGz0DrZRINX8bBjvsFETtmxmzKr07GD/KpEg=", "controller"=>"sessions", "user"=>{"remember_me"=>"1", "password"=>"[FILTERED]", "email"=>"cs@clair.ro"}}
  [4;36;1mUser Load (3.1ms)[0m   [0;1mSELECT * FROM "users" WHERE ("users"."id" = E'2') LIMIT 1[0m
WARNING: Can't mass-assign these protected attributes: remember_me
Rendering sessions/new
Rendered shared/_devise_links (1.0ms)
Completed in 39ms (View: 6, DB: 3) | 200 OK [http://localhost/account/login]
  [4;35;1mSQL (0.1ms)[0m   [0mSET client_min_messages TO 'panic'[0m
  [4;36;1mSQL (0.1ms)[0m   [0;1mSET client_min_messages TO 'notice'[0m


Processing DashboardController#index (for 127.0.0.1 at 2010-02-19 15:32:19) [GET]
  Parameters: {"action"=>"index", "controller"=>"dashboard"}
  [4;35;1mUser Load (2.0ms)[0m   [0mSELECT * FROM "users" WHERE ("users"."id" = E'2') LIMIT 1[0m
  [4;36;1mSQL (0.1ms)[0m   [0;1mSET client_min_messages TO 'panic'[0m
  [4;35;1mSQL (0.1ms)[0m   [0mSET client_min_messages TO 'notice'[0m


Processing SessionsController#new (for 127.0.0.1 at 2010-02-19 15:32:19) [GET]
  Parameters: {"unauthenticated"=>"true", "action"=>"new", "controller"=>"sessions"}
Rendering sessions/new
Rendered shared/_devise_links (1.0ms)
Completed in 26ms (View: 9, DB: 0) | 200 OK [http://localhost/account/login?unauthenticated=true]
  [4;36;1mSQL (0.2ms)[0m   [0;1mSET client_min_messages TO 'panic'[0m
  [4;35;1mSQL (0.1ms)[0m   [0mSET client_min_messages TO 'notice'[0m


Processing DashboardController#index (for 127.0.0.1 at 2010-02-19 15:32:34) [GET]
  Parameters: {"action"=>"index", "controller"=>"dashboard"}
  [4;36;1mUser Load (1.9ms)[0m   [0;1mSELECT * FROM "users" WHERE ("users"."id" = E'2') LIMIT 1[0m
  [4;35;1mSQL (0.2ms)[0m   [0mSET client_min_messages TO 'panic'[0m
  [4;36;1mSQL (0.1ms)[0m   [0;1mSET client_min_messages TO 'notice'[0m


Processing SessionsController#new (for 127.0.0.1 at 2010-02-19 15:32:34) [GET]
  Parameters: {"unauthenticated"=>"true", "action"=>"new", "controller"=>"sessions"}
Rendering sessions/new
Rendered shared/_devise_links (2.6ms)
Completed in 56ms (View: 37, DB: 0) | 200 OK [http://localhost/account/login?unauthenticated=true]
  [4;35;1mSQL (0.2ms)[0m   [0mSET client_min_messages TO 'panic'[0m
  [4;36;1mSQL (0.1ms)[0m   [0;1mSET client_min_messages TO 'notice'[0m


Processing SessionsController#create (for 127.0.0.1 at 2010-02-19 15:32:41) [POST]
  Parameters: {"commit"=>"Sign in", "action"=>"create", "authenticity_token"=>"y/srryGrGz0DrZRINX8bBjvsFETtmxmzKr07GD/KpEg=", "controller"=>"sessions", "user"=>{"remember_me"=>"0", "password"=>"[FILTERED]", "email"=>"cs@clair.ro"}}
  [4;35;1mUser Load (3.4ms)[0m   [0mSELECT * FROM "users" WHERE ("users"."id" = E'2') LIMIT 1[0m
  [4;36;1mUser Load (1.7ms)[0m   [0;1mSELECT * FROM "users" WHERE ("users"."email" = E'cs@clair.ro') LIMIT 1[0m
  [4;35;1mSQL (0.2ms)[0m   [0mBEGIN[0m
  [4;36;1mUser Update (0.9ms)[0m   [0;1mUPDATE "users" SET "updated_at" = '2010-02-19 13:32:41.212408', "sign_in_count" = 3, "current_sign_in_at" = '2010-02-19 13:32:41.210493', "last_sign_in_at" = '2010-02-19 11:29:01.664393' WHERE "id" = 2[0m
  [4;35;1mSQL (0.6ms)[0m   [0mCOMMIT[0m
Redirected to http://localhost:3000/
Completed in 265ms (DB: 7) | 302 Found [http://localhost/account/login]
  [4;36;1mSQL (0.2ms)[0m   [0;1mSET client_min_messages TO 'panic'[0m
  [4;35;1mSQL (0.2ms)[0m   [0mSET client_min_messages TO 'notice'[0m


Processing DashboardController#index (for 127.0.0.1 at 2010-02-19 15:32:41) [GET]
  Parameters: {"action"=>"index", "controller"=>"dashboard"}
  [4;36;1mUser Load (3.4ms)[0m   [0;1mSELECT * FROM "users" WHERE ("users"."id" = 2) LIMIT 1[0m
Rendering dashboard/index
Completed in 38ms (View: 9, DB: 4) | 200 OK [http://localhost/]
  [4;35;1mSQL (0.2ms)[0m   [0mSET client_min_messages TO 'panic'[0m
  [4;36;1mSQL (0.1ms)[0m   [0;1mSET client_min_messages TO 'notice'[0m


Processing DashboardController#index (for 127.0.0.1 at 2010-02-19 15:33:56) [GET]
  Parameters: {"action"=>"index", "controller"=>"dashboard"}
  [4;35;1mUser Load (4.0ms)[0m   [0mSELECT * FROM "users" WHERE ("users"."id" = 2) LIMIT 1[0m
Rendering dashboard/index
Completed in 45ms (View: 7, DB: 4) | 200 OK [http://localhost/]
  [4;36;1mSQL (0.1ms)[0m   [0;1mSET client_min_messages TO 'panic'[0m
  [4;35;1mSQL (0.1ms)[0m   [0mSET client_min_messages TO 'notice'[0m


Processing DashboardController#index (for 127.0.0.1 at 2010-02-19 16:35:50) [GET]
  Parameters: {"action"=>"index", "controller"=>"dashboard"}
  [4;36;1mUser Load (1.9ms)[0m   [0;1mSELECT * FROM "users" WHERE ("users"."id" = 2) LIMIT 1[0m

NoMethodError (undefined method `each' for false:FalseClass):
  warden (0.9.3) lib/warden/manager.rb:34:in `call'
  warden (0.9.3) lib/warden/manager.rb:33:in `catch'
  warden (0.9.3) lib/warden/manager.rb:33:in `call'

Rendered rescues/_trace (66.6ms)
Rendered rescues/_request_and_response (1.6ms)
Rendering rescues/layout (internal_server_error)
  [4;35;1mSQL (0.2ms)[0m   [0mSET client_min_messages TO 'panic'[0m
  [4;36;1mSQL (0.1ms)[0m   [0;1mSET client_min_messages TO 'notice'[0m


Processing DashboardController#index (for 127.0.0.1 at 2010-02-19 16:36:56) [GET]
  Parameters: {"action"=>"index", "controller"=>"dashboard"}
  [4;35;1mUser Load (3.4ms)[0m   [0mSELECT * FROM "users" WHERE ("users"."id" = 2) LIMIT 1[0m

NoMethodError (undefined method `each' for false:FalseClass):
  warden (0.9.3) lib/warden/manager.rb:34:in `call'
  warden (0.9.3) lib/warden/manager.rb:33:in `catch'
  warden (0.9.3) lib/warden/manager.rb:33:in `call'

Rendered rescues/_trace (148.3ms)
Rendered rescues/_request_and_response (0.4ms)
Rendering rescues/layout (internal_server_error)
  [4;36;1mSQL (0.2ms)[0m   [0;1mSET client_min_messages TO 'panic'[0m
  [4;35;1mSQL (0.1ms)[0m   [0mSET client_min_messages TO 'notice'[0m


Processing DashboardController#index (for 127.0.0.1 at 2010-02-19 16:37:09) [GET]
  Parameters: {"action"=>"index", "controller"=>"dashboard"}
  [4;36;1mUser Load (3.6ms)[0m   [0;1mSELECT * FROM "users" WHERE ("users"."id" = 2) LIMIT 1[0m

NoMethodError (undefined method `each' for false:FalseClass):
  warden (0.9.3) lib/warden/manager.rb:34:in `call'
  warden (0.9.3) lib/warden/manager.rb:33:in `catch'
  warden (0.9.3) lib/warden/manager.rb:33:in `call'

Rendered rescues/_trace (76.2ms)
Rendered rescues/_request_and_response (0.4ms)
Rendering rescues/layout (internal_server_error)
  [4;35;1mSQL (0.2ms)[0m   [0mSET client_min_messages TO 'panic'[0m
  [4;36;1mSQL (0.1ms)[0m   [0;1mSET client_min_messages TO 'notice'[0m


Processing DashboardController#index (for 127.0.0.1 at 2010-02-19 16:37:17) [GET]
  Parameters: {"action"=>"index", "controller"=>"dashboard"}
  [4;35;1mUser Load (4.7ms)[0m   [0mSELECT * FROM "users" WHERE ("users"."id" = 2) LIMIT 1[0m

NoMethodError (undefined method `each' for false:FalseClass):
  warden (0.9.3) lib/warden/manager.rb:34:in `call'
  warden (0.9.3) lib/warden/manager.rb:33:in `catch'
  warden (0.9.3) lib/warden/manager.rb:33:in `call'

Rendered rescues/_trace (146.4ms)
Rendered rescues/_request_and_response (0.4ms)
Rendering rescues/layout (internal_server_error)
  [4;36;1mSQL (0.2ms)[0m   [0;1mSET client_min_messages TO 'panic'[0m
  [4;35;1mSQL (0.1ms)[0m   [0mSET client_min_messages TO 'notice'[0m


Processing SessionsController#destroy (for 127.0.0.1 at 2010-02-19 16:38:05) [GET]
  Parameters: {"action"=>"destroy", "controller"=>"sessions"}
  [4;36;1mUser Load (2.2ms)[0m   [0;1mSELECT * FROM "users" WHERE ("users"."id" = 2) LIMIT 1[0m

NoMethodError (undefined method `each' for false:FalseClass):
  devise (1.0.2) lib/devise/controllers/internal_helpers.rb:102:in `set_flash_message'
  devise (1.0.2) app/controllers/sessions_controller.rb:32:in `destroy'
  warden (0.9.3) lib/warden/manager.rb:34:in `call'
  warden (0.9.3) lib/warden/manager.rb:33:in `catch'
  warden (0.9.3) lib/warden/manager.rb:33:in `call'

Rendered rescues/_trace (55.3ms)
Rendered rescues/_request_and_response (0.4ms)
Rendering rescues/layout (internal_server_error)
  [4;36;1mSQL (0.2ms)[0m   [0;1mSET client_min_messages TO 'panic'[0m
  [4;35;1mSQL (0.1ms)[0m   [0mSET client_min_messages TO 'notice'[0m


Processing SessionsController#destroy (for 127.0.0.1 at 2010-02-19 16:39:15) [GET]
  Parameters: {"action"=>"destroy", "controller"=>"sessions"}
  [4;36;1mUser Load (3.0ms)[0m   [0;1mSELECT * FROM "users" WHERE ("users"."id" = 2) LIMIT 1[0m

NoMethodError (undefined method `each' for false:FalseClass):
  devise (1.0.2) lib/devise/controllers/internal_helpers.rb:102:in `set_flash_message'
  devise (1.0.2) app/controllers/sessions_controller.rb:32:in `destroy'
  warden (0.9.3) lib/warden/manager.rb:34:in `call'
  warden (0.9.3) lib/warden/manager.rb:33:in `catch'
  warden (0.9.3) lib/warden/manager.rb:33:in `call'

Rendered rescues/_trace (60.9ms)
Rendered rescues/_request_and_response (2.0ms)
Rendering rescues/layout (internal_server_error)
  [4;35;1mSQL (0.2ms)[0m   [0mSET client_min_messages TO 'panic'[0m
  [4;36;1mSQL (0.1ms)[0m   [0;1mSET client_min_messages TO 'notice'[0m


Processing DashboardController#index (for 127.0.0.1 at 2010-02-19 16:39:19) [GET]
  Parameters: {"action"=>"index", "controller"=>"dashboard"}
  [4;35;1mUser Load (3.8ms)[0m   [0mSELECT * FROM "users" WHERE ("users"."id" = 2) LIMIT 1[0m

NoMethodError (undefined method `each' for false:FalseClass):
  warden (0.9.3) lib/warden/manager.rb:34:in `call'
  warden (0.9.3) lib/warden/manager.rb:33:in `catch'
  warden (0.9.3) lib/warden/manager.rb:33:in `call'

Rendered rescues/_trace (147.5ms)
Rendered rescues/_request_and_response (0.4ms)
Rendering rescues/layout (internal_server_error)
  [4;36;1mSQL (0.2ms)[0m   [0;1mSET client_min_messages TO 'panic'[0m
  [4;35;1mSQL (0.1ms)[0m   [0mSET client_min_messages TO 'notice'[0m


Processing DashboardController#index (for 127.0.0.1 at 2010-02-19 16:39:46) [GET]
  Parameters: {"action"=>"index", "controller"=>"dashboard"}
  [4;36;1mUser Load (1.9ms)[0m   [0;1mSELECT * FROM "users" WHERE ("users"."id" = 2) LIMIT 1[0m

NoMethodError (undefined method `each' for false:FalseClass):
  warden (0.9.3) lib/warden/manager.rb:34:in `call'
  warden (0.9.3) lib/warden/manager.rb:33:in `catch'
  warden (0.9.3) lib/warden/manager.rb:33:in `call'

Rendered rescues/_trace (65.6ms)
Rendered rescues/_request_and_response (1.7ms)
Rendering rescues/layout (internal_server_error)
  [4;36;1mSQL (0.2ms)[0m   [0;1mSET client_min_messages TO 'panic'[0m
  [4;35;1mSQL (0.1ms)[0m   [0mSET client_min_messages TO 'notice'[0m


Processing DashboardController#index (for 127.0.0.1 at 2010-02-19 16:41:34) [GET]
  Parameters: {"action"=>"index", "controller"=>"dashboard"}
  [4;36;1mUser Load (1.9ms)[0m   [0;1mSELECT * FROM "users" WHERE ("users"."id" = 2) LIMIT 1[0m
Rendering dashboard/index
Completed in 89ms (View: 9, DB: 2) | 200 OK [http://localhost/]
  [4;35;1mSQL (0.1ms)[0m   [0mSET client_min_messages TO 'panic'[0m
  [4;36;1mSQL (0.1ms)[0m   [0;1mSET client_min_messages TO 'notice'[0m


Processing SessionsController#destroy (for 127.0.0.1 at 2010-02-19 16:41:43) [GET]
  Parameters: {"action"=>"destroy", "controller"=>"sessions"}
  [4;35;1mUser Load (1.9ms)[0m   [0mSELECT * FROM "users" WHERE ("users"."id" = 2) LIMIT 1[0m
Redirected to http://localhost:3000/
Completed in 26ms (DB: 2) | 302 Found [http://localhost/account/logout]
  [4;36;1mSQL (0.1ms)[0m   [0;1mSET client_min_messages TO 'panic'[0m
  [4;35;1mSQL (0.1ms)[0m   [0mSET client_min_messages TO 'notice'[0m


Processing DashboardController#index (for 127.0.0.1 at 2010-02-19 16:41:43) [GET]
  Parameters: {"action"=>"index", "controller"=>"dashboard"}
  [4;36;1mUser Load (1.9ms)[0m   [0;1mSELECT * FROM "users" WHERE ("users"."id" = E'2') LIMIT 1[0m
  [4;35;1mSQL (0.1ms)[0m   [0mSET client_min_messages TO 'panic'[0m
  [4;36;1mSQL (0.1ms)[0m   [0;1mSET client_min_messages TO 'notice'[0m


Processing SessionsController#new (for 127.0.0.1 at 2010-02-19 16:41:43) [GET]
  Parameters: {"unauthenticated"=>"true", "action"=>"new", "controller"=>"sessions"}
Rendering sessions/new
Rendered shared/_devise_links (2.5ms)
Completed in 42ms (View: 21, DB: 0) | 200 OK [http://localhost/account/login?unauthenticated=true]
  [4;35;1mSQL (0.1ms)[0m   [0mSET client_min_messages TO 'panic'[0m
  [4;36;1mSQL (0.1ms)[0m   [0;1mSET client_min_messages TO 'notice'[0m


Processing ApplicationController#index (for 127.0.0.1 at 2010-02-19 16:42:30) [GET]
  Parameters: {"unauthenticated"=>"true"}

ActionController::RoutingError (No route matches "/account/login" with {:method=>:get}):
  warden (0.9.3) lib/warden/manager.rb:34:in `call'
  warden (0.9.3) lib/warden/manager.rb:33:in `catch'
  warden (0.9.3) lib/warden/manager.rb:33:in `call'

Rendering rescues/layout (not_found)
  [4;35;1mSQL (0.1ms)[0m   [0mSET client_min_messages TO 'panic'[0m
  [4;36;1mSQL (0.1ms)[0m   [0;1mSET client_min_messages TO 'notice'[0m


Processing SessionsController#new (for 127.0.0.1 at 2010-02-19 16:42:37) [GET]
  Parameters: {"unauthenticated"=>"true", "action"=>"new", "controller"=>"sessions"}
Rendering sessions/new
Rendered shared/_devise_links (1.3ms)
Completed in 32ms (View: 11, DB: 0) | 200 OK [http://localhost/cont/login?unauthenticated=true]
  [4;35;1mSQL (0.2ms)[0m   [0mSET client_min_messages TO 'panic'[0m
  [4;36;1mSQL (0.5ms)[0m   [0;1mSET client_min_messages TO 'notice'[0m


Processing SessionsController#new (for 127.0.0.1 at 2010-02-19 16:42:40) [GET]
  Parameters: {"unauthenticated"=>"true", "action"=>"new", "controller"=>"sessions"}
Rendering sessions/new
Rendered shared/_devise_links (1.0ms)
Completed in 49ms (View: 12, DB: 1) | 200 OK [http://localhost/cont/login?unauthenticated=true]
  [4;36;1mSQL (0.1ms)[0m   [0;1mSET client_min_messages TO 'panic'[0m
  [4;35;1mSQL (0.1ms)[0m   [0mSET client_min_messages TO 'notice'[0m


Processing SessionsController#new (for 127.0.0.1 at 2010-02-19 16:42:58) [GET]
  Parameters: {"unauthenticated"=>"true", "action"=>"new", "controller"=>"sessions"}
Rendering sessions/new
Rendered shared/_devise_links (2.6ms)
Completed in 50ms (View: 36, DB: 0) | 200 OK [http://localhost/cont/login?unauthenticated=true]
  [4;36;1mSQL (0.2ms)[0m   [0;1mSET client_min_messages TO 'panic'[0m
  [4;35;1mSQL (0.1ms)[0m   [0mSET client_min_messages TO 'notice'[0m


Processing SessionsController#new (for 127.0.0.1 at 2010-02-19 16:57:05) [GET]
  Parameters: {"unauthenticated"=>"true", "action"=>"new", "controller"=>"sessions"}
Rendering sessions/new
Rendered shared/_devise_links (2.4ms)
Completed in 48ms (View: 34, DB: 0) | 200 OK [http://localhost/cont/login?unauthenticated=true]
  [4;36;1mSQL (0.2ms)[0m   [0;1mSET client_min_messages TO 'panic'[0m
  [4;35;1mSQL (0.1ms)[0m   [0mSET client_min_messages TO 'notice'[0m


Processing SessionsController#new (for 127.0.0.1 at 2010-02-19 17:01:23) [GET]
  Parameters: {"unauthenticated"=>"true", "action"=>"new", "controller"=>"sessions"}
Rendering template within layouts/application
Rendering sessions/new
Rendered shared/_devise_links (1.9ms)
Completed in 166ms (View: 133, DB: 0) | 200 OK [http://localhost/cont/login?unauthenticated=true]
  [4;36;1mSQL (0.2ms)[0m   [0;1mSET client_min_messages TO 'panic'[0m
  [4;35;1mSQL (0.1ms)[0m   [0mSET client_min_messages TO 'notice'[0m


Processing SessionsController#new (for 127.0.0.1 at 2010-02-19 17:07:26) [GET]
  Parameters: {"unauthenticated"=>"true", "action"=>"new", "controller"=>"sessions"}
Rendering template within layouts/application
Rendering sessions/new
Rendered shared/_devise_links (1.0ms)
Completed in 27ms (View: 10, DB: 0) | 200 OK [http://localhost/cont/login?unauthenticated=true]
  [4;36;1mSQL (0.2ms)[0m   [0;1mSET client_min_messages TO 'panic'[0m
  [4;35;1mSQL (0.1ms)[0m   [0mSET client_min_messages TO 'notice'[0m


Processing SessionsController#new (for 127.0.0.1 at 2010-02-19 17:08:26) [GET]
  Parameters: {"unauthenticated"=>"true", "action"=>"new", "controller"=>"sessions"}
Rendering template within layouts/application
Rendering sessions/new
Rendered shared/_devise_links (1.0ms)
Completed in 30ms (View: 12, DB: 0) | 200 OK [http://localhost/cont/login?unauthenticated=true]
  [4;36;1mSQL (0.1ms)[0m   [0;1mSET client_min_messages TO 'panic'[0m
  [4;35;1mSQL (0.1ms)[0m   [0mSET client_min_messages TO 'notice'[0m


Processing SessionsController#new (for 127.0.0.1 at 2010-02-19 17:18:54) [GET]
  Parameters: {"unauthenticated"=>"true", "action"=>"new", "controller"=>"sessions"}
Rendering template within layouts/application
Rendering sessions/new
Rendered shared/_devise_links (1.0ms)
Completed in 39ms (View: 20, DB: 0) | 200 OK [http://localhost/cont/login?unauthenticated=true]
  [4;36;1mSQL (0.2ms)[0m   [0;1mSET client_min_messages TO 'panic'[0m
  [4;35;1mSQL (0.1ms)[0m   [0mSET client_min_messages TO 'notice'[0m


Processing SessionsController#new (for 127.0.0.1 at 2010-02-19 17:21:23) [GET]
  Parameters: {"unauthenticated"=>"true", "action"=>"new", "controller"=>"sessions"}
Rendering template within layouts/application
Rendering sessions/new
Rendered shared/_devise_links (1.0ms)
Completed in 33ms (View: 12, DB: 0) | 200 OK [http://localhost/cont/login?unauthenticated=true]
  [4;36;1mSQL (0.2ms)[0m   [0;1mSET client_min_messages TO 'panic'[0m
  [4;35;1mSQL (0.1ms)[0m   [0mSET client_min_messages TO 'notice'[0m


Processing SessionsController#new (for 127.0.0.1 at 2010-02-19 17:22:58) [GET]
  Parameters: {"unauthenticated"=>"true", "action"=>"new", "controller"=>"sessions"}
Rendering template within layouts/application
Rendering sessions/new
Rendered shared/_devise_links (2.2ms)
Completed in 36ms (View: 14, DB: 0) | 200 OK [http://localhost/cont/login?unauthenticated=true]
  [4;36;1mSQL (0.2ms)[0m   [0;1mSET client_min_messages TO 'panic'[0m
  [4;35;1mSQL (0.1ms)[0m   [0mSET client_min_messages TO 'notice'[0m


Processing SessionsController#new (for 127.0.0.1 at 2010-02-19 17:23:33) [GET]
  Parameters: {"unauthenticated"=>"true", "action"=>"new", "controller"=>"sessions"}
Rendering template within layouts/application
Rendering sessions/new
Rendered shared/_devise_links (2.6ms)
Completed in 118ms (View: 13, DB: 0) | 200 OK [http://localhost/cont/login?unauthenticated=true]
  [4;36;1mSQL (0.1ms)[0m   [0;1mSET client_min_messages TO 'panic'[0m
  [4;35;1mSQL (0.1ms)[0m   [0mSET client_min_messages TO 'notice'[0m


Processing SessionsController#new (for 127.0.0.1 at 2010-02-19 17:31:48) [GET]
  Parameters: {"unauthenticated"=>"true", "action"=>"new", "controller"=>"sessions"}
Rendering template within layouts/application
Rendering sessions/new
Rendered shared/_devise_links (2.4ms)
Completed in 56ms (View: 42, DB: 0) | 200 OK [http://localhost/cont/login?unauthenticated=true]
  [4;36;1mSQL (0.2ms)[0m   [0;1mSET client_min_messages TO 'panic'[0m
  [4;35;1mSQL (0.2ms)[0m   [0mSET client_min_messages TO 'notice'[0m


Processing SessionsController#new (for 127.0.0.1 at 2010-02-19 17:38:43) [GET]
  Parameters: {"unauthenticated"=>"true", "action"=>"new", "controller"=>"sessions"}
Rendering template within layouts/application
Rendering sessions/new

ActionView::TemplateError (wrong number of arguments (0 for 1)) on line #5 of app/views/sessions/new.html.haml:
2:   Sign in
3: 
4: - semantic_form_for resource_name, resource, :url => session_path(resource_name) do |f|
5:   - form.inputs
6:   - form.buttons
7:   
8: 

    app/views/sessions/new.html.haml:5:in `form'
    app/views/sessions/new.html.haml:5:in `_run_haml_app47views47sessions47new46html46haml'
    haml (2.2.17) lib/haml/helpers/action_view_mods.rb:164:in `call'
    haml (2.2.17) lib/haml/helpers/action_view_mods.rb:164:in `form_for'
    haml (2.2.17) lib/haml/helpers.rb:545:in `call'
    haml (2.2.17) lib/haml/helpers.rb:545:in `haml_bind_proc'
    haml (2.2.17) lib/haml/helpers/action_view_mods.rb:170:in `form_for'
    formtastic (0.9.7) rails/./lib/formtastic.rb:1650:in `semantic_form_for'
    formtastic (0.9.7) rails/./lib/formtastic.rb:1609:in `with_custom_field_error_proc'
    formtastic (0.9.7) rails/./lib/formtastic.rb:1649:in `semantic_form_for'
    app/views/sessions/new.html.haml:4:in `_run_haml_app47views47sessions47new46html46haml'
    haml (2.2.17) lib/haml/helpers/action_view_mods.rb:13:in `render'
    haml (2.2.17) lib/haml/helpers/action_view_mods.rb:13:in `render'
    devise (1.0.2) lib/devise/controllers/internal_helpers.rb:123:in `render_with_scope'
    devise (1.0.2) app/controllers/sessions_controller.rb:15:in `new'
    haml (2.2.17) lib/sass/plugin/rails.rb:19:in `process_without_compass'
    /usr/lib/ruby/gems/1.8/gems/chriseppstein-compass-0.8.17/lib/compass/app_integration/rails/action_controller.rb:7:in `process'
    warden (0.9.3) lib/warden/manager.rb:34:in `call'
    warden (0.9.3) lib/warden/manager.rb:33:in `catch'
    warden (0.9.3) lib/warden/manager.rb:33:in `call'

Rendered rescues/_trace (141.0ms)
Rendered rescues/_request_and_response (1.7ms)
Rendering rescues/layout (internal_server_error)
  [4;36;1mSQL (0.1ms)[0m   [0;1mSET client_min_messages TO 'panic'[0m
  [4;35;1mSQL (0.1ms)[0m   [0mSET client_min_messages TO 'notice'[0m


Processing SessionsController#new (for 127.0.0.1 at 2010-02-19 17:39:14) [GET]
  Parameters: {"unauthenticated"=>"true", "action"=>"new", "controller"=>"sessions"}
Rendering template within layouts/application
Rendering sessions/new
Rendered shared/_devise_links (2.6ms)
ERROR: compiling _run_haml_app47views47layouts47application46html46haml RAISED compile error
/home/cs/work/kobi/app/views/layouts/application.html.haml:8: syntax error, unexpected tASSOC, expecting '}'
...stylesheet_link_tag, :media => 'screen, projection'
                              ^
Function body:           def _run_haml_app47views47layouts47application46html46haml(local_assigns)
            old_output_buffer = output_buffer;;begin;extend Haml::Helpers;_hamlout = @haml_buffer = Haml::Buffer.new(@haml_buffer, {:escape_html=>false, :attr_wrapper=>"'", :format=>:xhtml, :autoclose=>["meta", "img", "link", "br", "hr", "input", "area", "param", "col", "base"], :ugly=>false, :preserve=>["textarea", "pre", "code"], :encoding=>nil});_erbout = _hamlout.buffer;__in_erb_template = true;;


_hamlout.push_text("<!DOCTYPE html PUBLIC \"-//W3C//DTD XHTML 1.0 Transitional//EN\" \"http://www.w3.org/TR/xhtml1/DTD/xhtml1-transitional.dtd\">\n<html lang='en' xml:lang='en' xmlns='http://www.w3.org/1999/xhtml'>\n  <head></head>\n  #{_hamlout.adjust_tabs(1); haml_temp =  stylesheet_link_tag 'screen.css', :media => 'screen, projection'
_hamlout.format_script_false_false_false_false_false_true_false((haml_very_temp = haml_temp; haml_temp = nil; haml_very_temp));}\n  #{haml_temp =  stylesheet_link_tag 'print.css', :media => 'print'
_hamlout.format_script_false_false_false_false_false_true_false((haml_very_temp = haml_temp; haml_temp = nil; haml_very_temp));}\n  <!--[if IE]>\n", 1, false);
_hamlout.push_text("    #{haml_temp =  stylesheet_link_tag 'ie.css', :media => 'screen, projection'
_hamlout.format_script_false_false_false_false_false_true_false((haml_very_temp = haml_temp; haml_temp = nil; haml_very_temp));}\n  <![endif]-->\n  #{_hamlout.adjust_tabs(-1); haml_temp =  formtastic_stylesheet_link_tag, :media => 'screen, projection'
_hamlout.format_script_false_false_false_false_false_true_false((haml_very_temp = haml_temp; haml_temp = nil; haml_very_temp));}\n  #{haml_temp =  stylesheet_link_tag 'application', :media => 'screen, projection'
_hamlout.format_script_false_false_false_false_false_true_false((haml_very_temp = haml_temp; haml_temp = nil; haml_very_temp));}\n  <body>\n", 1, false);




_hamlout.push_text("    <div class='container'>\n      <header>\n        header here\n      </header>\n      <content>\n        #{_hamlout.adjust_tabs(2); haml_temp =  yield
_hamlout.format_script_false_false_false_false_false_true_false((haml_very_temp = haml_temp; haml_temp = nil; haml_very_temp));}\n      </content>\n      <footer>\n", 0, false);
_hamlout.push_text("        footer here\n      </footer>\n    </div>\n  </body>\n</html>\n", -4, false);_erbout;ensure;@haml_buffer = @haml_buffer.upper;end;
          ensure
            self.output_buffer = old_output_buffer
          end
Backtrace: /home/cs/work/kobi/app/views/layouts/application.html.haml:20:in `compile!'
/usr/lib/ruby/gems/1.8/gems/actionpack-2.3.5/lib/action_view/renderable.rb:61:in `compile'
/usr/lib/ruby/gems/1.8/gems/actionpack-2.3.5/lib/action_view/renderable.rb:28:in `render'
/usr/lib/ruby/gems/1.8/gems/actionpack-2.3.5/lib/action_view/template.rb:205:in `render_template'
/usr/lib/ruby/gems/1.8/gems/actionpack-2.3.5/lib/action_view/base.rb:265:in `render_without_haml'
/usr/lib/ruby/gems/1.8/gems/haml-2.2.17/lib/haml/helpers/action_view_mods.rb:13:in `render'
/usr/lib/ruby/gems/1.8/gems/actionpack-2.3.5/lib/action_view/base.rb:352:in `_render_with_layout'
/usr/lib/ruby/gems/1.8/gems/actionpack-2.3.5/lib/action_view/base.rb:262:in `render_without_haml'
/usr/lib/ruby/gems/1.8/gems/haml-2.2.17/lib/haml/helpers/action_view_mods.rb:13:in `render'
/usr/lib/ruby/gems/1.8/gems/actionpack-2.3.5/lib/action_controller/base.rb:1250:in `render_for_file'
/usr/lib/ruby/gems/1.8/gems/actionpack-2.3.5/lib/action_controller/base.rb:951:in `render_without_benchmark'
/usr/lib/ruby/gems/1.8/gems/actionpack-2.3.5/lib/action_controller/benchmarking.rb:51:in `render'
/usr/lib/ruby/gems/1.8/gems/activesupport-2.3.5/lib/active_support/core_ext/benchmark.rb:17:in `ms'
/usr/lib/ruby/1.8/benchmark.rb:308:in `realtime'
/usr/lib/ruby/gems/1.8/gems/activesupport-2.3.5/lib/active_support/core_ext/benchmark.rb:17:in `ms'
/usr/lib/ruby/gems/1.8/gems/actionpack-2.3.5/lib/action_controller/benchmarking.rb:51:in `render'
/usr/lib/ruby/gems/1.8/gems/devise-1.0.2/lib/devise/controllers/internal_helpers.rb:123:in `render_with_scope'
/usr/lib/ruby/gems/1.8/gems/devise-1.0.2/app/controllers/sessions_controller.rb:15:in `new'
/usr/lib/ruby/gems/1.8/gems/actionpack-2.3.5/lib/action_controller/base.rb:1331:in `send'
/usr/lib/ruby/gems/1.8/gems/actionpack-2.3.5/lib/action_controller/base.rb:1331:in `perform_action_without_filters'
/usr/lib/ruby/gems/1.8/gems/actionpack-2.3.5/lib/action_controller/filters.rb:617:in `call_filters'
/usr/lib/ruby/gems/1.8/gems/actionpack-2.3.5/lib/action_controller/filters.rb:610:in `perform_action_without_benchmark'
/usr/lib/ruby/gems/1.8/gems/actionpack-2.3.5/lib/action_controller/benchmarking.rb:68:in `perform_action_without_rescue'
/usr/lib/ruby/gems/1.8/gems/activesupport-2.3.5/lib/active_support/core_ext/benchmark.rb:17:in `ms'
/usr/lib/ruby/1.8/benchmark.rb:308:in `realtime'
/usr/lib/ruby/gems/1.8/gems/activesupport-2.3.5/lib/active_support/core_ext/benchmark.rb:17:in `ms'
/usr/lib/ruby/gems/1.8/gems/actionpack-2.3.5/lib/action_controller/benchmarking.rb:68:in `perform_action_without_rescue'
/usr/lib/ruby/gems/1.8/gems/actionpack-2.3.5/lib/action_controller/rescue.rb:160:in `perform_action_without_flash'
/usr/lib/ruby/gems/1.8/gems/actionpack-2.3.5/lib/action_controller/flash.rb:146:in `perform_action'
/usr/lib/ruby/gems/1.8/gems/actionpack-2.3.5/lib/action_controller/base.rb:532:in `send'
/usr/lib/ruby/gems/1.8/gems/actionpack-2.3.5/lib/action_controller/base.rb:532:in `process_without_filters'
/usr/lib/ruby/gems/1.8/gems/actionpack-2.3.5/lib/action_controller/filters.rb:606:in `sass_old_process'
/usr/lib/ruby/gems/1.8/gems/haml-2.2.17/lib/sass/plugin/rails.rb:19:in `process_without_compass'
/usr/lib/ruby/gems/1.8/gems/chriseppstein-compass-0.8.17/lib/compass/app_integration/rails/action_controller.rb:7:in `process'
/usr/lib/ruby/gems/1.8/gems/actionpack-2.3.5/lib/action_controller/base.rb:391:in `process'
/usr/lib/ruby/gems/1.8/gems/actionpack-2.3.5/lib/action_controller/base.rb:386:in `call'
/usr/lib/ruby/gems/1.8/gems/actionpack-2.3.5/lib/action_controller/routing/route_set.rb:437:in `call'
/usr/lib/ruby/gems/1.8/gems/actionpack-2.3.5/lib/action_controller/dispatcher.rb:87:in `dispatch'
/usr/lib/ruby/gems/1.8/gems/actionpack-2.3.5/lib/action_controller/dispatcher.rb:121:in `_call'
/usr/lib/ruby/gems/1.8/gems/actionpack-2.3.5/lib/action_controller/dispatcher.rb:130:in `build_middleware_stack'
/usr/lib/ruby/gems/1.8/gems/activerecord-2.3.5/lib/active_record/query_cache.rb:29:in `call'
/usr/lib/ruby/gems/1.8/gems/activerecord-2.3.5/lib/active_record/query_cache.rb:29:in `call'
/usr/lib/ruby/gems/1.8/gems/activerecord-2.3.5/lib/active_record/connection_adapters/abstract/query_cache.rb:34:in `cache'
/usr/lib/ruby/gems/1.8/gems/activerecord-2.3.5/lib/active_record/query_cache.rb:9:in `cache'
/usr/lib/ruby/gems/1.8/gems/activerecord-2.3.5/lib/active_record/query_cache.rb:28:in `call'
/usr/lib/ruby/gems/1.8/gems/activerecord-2.3.5/lib/active_record/connection_adapters/abstract/connection_pool.rb:361:in `call'
/usr/lib/ruby/gems/1.8/gems/warden-0.9.3/lib/warden/manager.rb:34:in `call'
/usr/lib/ruby/gems/1.8/gems/warden-0.9.3/lib/warden/manager.rb:33:in `catch'
/usr/lib/ruby/gems/1.8/gems/warden-0.9.3/lib/warden/manager.rb:33:in `call'
/usr/lib/ruby/gems/1.8/gems/actionpack-2.3.5/lib/action_controller/string_coercion.rb:25:in `call'
/usr/lib/ruby/gems/1.8/gems/rack-1.0.2.pre/lib/rack/head.rb:9:in `call'
/usr/lib/ruby/gems/1.8/gems/rack-1.0.2.pre/lib/rack/methodoverride.rb:24:in `call'
/usr/lib/ruby/gems/1.8/gems/actionpack-2.3.5/lib/action_controller/params_parser.rb:15:in `call'
/usr/lib/ruby/gems/1.8/gems/actionpack-2.3.5/lib/action_controller/session/cookie_store.rb:93:in `call'
/usr/lib/ruby/gems/1.8/gems/actionpack-2.3.5/lib/action_controller/failsafe.rb:26:in `call'
/usr/lib/ruby/gems/1.8/gems/rack-1.0.2.pre/lib/rack/lock.rb:11:in `call'
/usr/lib/ruby/gems/1.8/gems/rack-1.0.2.pre/lib/rack/lock.rb:11:in `synchronize'
/usr/lib/ruby/gems/1.8/gems/rack-1.0.2.pre/lib/rack/lock.rb:11:in `call'
/usr/lib/ruby/gems/1.8/gems/actionpack-2.3.5/lib/action_controller/dispatcher.rb:114:in `call'
/usr/lib/ruby/gems/1.8/gems/actionpack-2.3.5/lib/action_controller/reloader.rb:34:in `run'
/usr/lib/ruby/gems/1.8/gems/actionpack-2.3.5/lib/action_controller/dispatcher.rb:108:in `call'
/usr/lib/ruby/gems/1.8/gems/rails-2.3.5/lib/rails/rack/static.rb:31:in `call'
/usr/lib/ruby/gems/1.8/gems/rack-1.0.2.pre/lib/rack/urlmap.rb:46:in `call'
/usr/lib/ruby/gems/1.8/gems/rack-1.0.2.pre/lib/rack/urlmap.rb:40:in `each'
/usr/lib/ruby/gems/1.8/gems/rack-1.0.2.pre/lib/rack/urlmap.rb:40:in `call'
/usr/lib/ruby/gems/1.8/gems/rails-2.3.5/lib/rails/rack/log_tailer.rb:17:in `call'
/usr/lib/ruby/gems/1.8/gems/rack-1.0.2.pre/lib/rack/content_length.rb:13:in `call'
/usr/lib/ruby/gems/1.8/gems/rack-1.0.2.pre/lib/rack/chunked.rb:15:in `call'
/usr/lib/ruby/gems/1.8/gems/rack-1.0.2.pre/lib/rack/handler/mongrel.rb:68:in `process'
/usr/lib/ruby/gems/1.8/gems/mongrel-1.1.5/lib/mongrel.rb:159:in `process_client'
/usr/lib/ruby/gems/1.8/gems/mongrel-1.1.5/lib/mongrel.rb:158:in `each'
/usr/lib/ruby/gems/1.8/gems/mongrel-1.1.5/lib/mongrel.rb:158:in `process_client'
/usr/lib/ruby/gems/1.8/gems/mongrel-1.1.5/lib/mongrel.rb:285:in `run'
/usr/lib/ruby/gems/1.8/gems/mongrel-1.1.5/lib/mongrel.rb:285:in `initialize'
/usr/lib/ruby/gems/1.8/gems/mongrel-1.1.5/lib/mongrel.rb:285:in `new'
/usr/lib/ruby/gems/1.8/gems/mongrel-1.1.5/lib/mongrel.rb:285:in `run'
/usr/lib/ruby/gems/1.8/gems/mongrel-1.1.5/lib/mongrel.rb:268:in `initialize'
/usr/lib/ruby/gems/1.8/gems/mongrel-1.1.5/lib/mongrel.rb:268:in `new'
/usr/lib/ruby/gems/1.8/gems/mongrel-1.1.5/lib/mongrel.rb:268:in `run'
/usr/lib/ruby/gems/1.8/gems/rack-1.0.2.pre/lib/rack/handler/mongrel.rb:38:in `run'
/usr/lib/ruby/gems/1.8/gems/rails-2.3.5/lib/commands/server.rb:111
/usr/local/lib/site_ruby/1.8/rubygems/custom_require.rb:31:in `gem_original_require'
/usr/local/lib/site_ruby/1.8/rubygems/custom_require.rb:31:in `require'
script/server:3

ActionView::TemplateError (compile error
/home/cs/work/kobi/app/views/layouts/application.html.haml:8: syntax error, unexpected tASSOC, expecting '}'
...stylesheet_link_tag, :media => 'screen, projection'
                              ^) on line #8 of app/views/layouts/application.html.haml:
5:   = stylesheet_link_tag 'print.css', :media => 'print'
6:   /[if IE]
7:     = stylesheet_link_tag 'ie.css', :media => 'screen, projection'
8:   = formtastic_stylesheet_link_tag, :media => 'screen, projection'
9:   = stylesheet_link_tag 'application', :media => 'screen, projection'
10:   %body
11:     .container

    app/views/layouts/application.html.haml:20:in `compile!'
    haml (2.2.17) lib/haml/helpers/action_view_mods.rb:13:in `render'
    haml (2.2.17) lib/haml/helpers/action_view_mods.rb:13:in `render'
    devise (1.0.2) lib/devise/controllers/internal_helpers.rb:123:in `render_with_scope'
    devise (1.0.2) app/controllers/sessions_controller.rb:15:in `new'
    haml (2.2.17) lib/sass/plugin/rails.rb:19:in `process_without_compass'
    /usr/lib/ruby/gems/1.8/gems/chriseppstein-compass-0.8.17/lib/compass/app_integration/rails/action_controller.rb:7:in `process'
    warden (0.9.3) lib/warden/manager.rb:34:in `call'
    warden (0.9.3) lib/warden/manager.rb:33:in `catch'
    warden (0.9.3) lib/warden/manager.rb:33:in `call'

Rendered rescues/_trace (63.3ms)
Rendered rescues/_request_and_response (0.4ms)
Rendering rescues/layout (internal_server_error)
  [4;36;1mSQL (0.2ms)[0m   [0;1mSET client_min_messages TO 'panic'[0m
  [4;35;1mSQL (0.1ms)[0m   [0mSET client_min_messages TO 'notice'[0m


Processing SessionsController#new (for 127.0.0.1 at 2010-02-19 17:39:57) [GET]
  Parameters: {"unauthenticated"=>"true", "action"=>"new", "controller"=>"sessions"}
Rendering template within layouts/application
Rendering sessions/new
Rendered shared/_devise_links (0.9ms)

ActionView::TemplateError (undefined local variable or method `formtastic_stylesheet_link_tag' for #<ActionView::Base:0xb7870764>) on line #9 of app/views/layouts/application.html.haml:
6:   /[if IE]
7:     = stylesheet_link_tag 'ie.css', :media => 'screen, projection'
8:   
9:   = formtastic_stylesheet_link_tag
10:   
11:   = stylesheet_link_tag 'application', :media => 'screen, projection'
12:   %body

    app/views/layouts/application.html.haml:9:in `_run_haml_app47views47layouts47application46html46haml'
    haml (2.2.17) lib/haml/helpers/action_view_mods.rb:13:in `render'
    haml (2.2.17) lib/haml/helpers/action_view_mods.rb:13:in `render'
    devise (1.0.2) lib/devise/controllers/internal_helpers.rb:123:in `render_with_scope'
    devise (1.0.2) app/controllers/sessions_controller.rb:15:in `new'
    haml (2.2.17) lib/sass/plugin/rails.rb:19:in `process_without_compass'
    /usr/lib/ruby/gems/1.8/gems/chriseppstein-compass-0.8.17/lib/compass/app_integration/rails/action_controller.rb:7:in `process'
    warden (0.9.3) lib/warden/manager.rb:34:in `call'
    warden (0.9.3) lib/warden/manager.rb:33:in `catch'
    warden (0.9.3) lib/warden/manager.rb:33:in `call'

Rendered rescues/_trace (61.2ms)
Rendered rescues/_request_and_response (0.4ms)
Rendering rescues/layout (internal_server_error)
  [4;36;1mSQL (0.2ms)[0m   [0;1mSET client_min_messages TO 'panic'[0m
  [4;35;1mSQL (0.1ms)[0m   [0mSET client_min_messages TO 'notice'[0m


Processing SessionsController#new (for 127.0.0.1 at 2010-02-19 17:40:19) [GET]
  Parameters: {"unauthenticated"=>"true", "action"=>"new", "controller"=>"sessions"}
Rendering template within layouts/application
Rendering sessions/new
Rendered shared/_devise_links (0.8ms)
Completed in 253ms (View: 216, DB: 0) | 200 OK [http://localhost/cont/login?unauthenticated=true]
  [4;36;1mSQL (0.2ms)[0m   [0;1mSET client_min_messages TO 'panic'[0m
  [4;35;1mSQL (0.1ms)[0m   [0mSET client_min_messages TO 'notice'[0m


Processing SessionsController#new (for 127.0.0.1 at 2010-02-19 17:40:54) [GET]
  Parameters: {"unauthenticated"=>"true", "action"=>"new", "controller"=>"sessions"}
Rendering template within layouts/application
Rendering sessions/new
Rendered shared/_devise_links (0.8ms)
Completed in 210ms (View: 174, DB: 0) | 200 OK [http://localhost/cont/login?unauthenticated=true]
  [4;36;1mSQL (0.2ms)[0m   [0;1mSET client_min_messages TO 'panic'[0m
  [4;35;1mSQL (0.1ms)[0m   [0mSET client_min_messages TO 'notice'[0m


Processing SessionsController#new (for 127.0.0.1 at 2010-02-19 17:43:00) [GET]
  Parameters: {"unauthenticated"=>"true", "action"=>"new", "controller"=>"sessions"}
Rendering template within layouts/application
Rendering sessions/new
Rendered shared/_devise_links (0.8ms)
Completed in 36ms (View: 17, DB: 0) | 200 OK [http://localhost/cont/login?unauthenticated=true]
  [4;36;1mSQL (0.3ms)[0m   [0;1mSET client_min_messages TO 'panic'[0m
  [4;35;1mSQL (0.1ms)[0m   [0mSET client_min_messages TO 'notice'[0m


Processing SessionsController#create (for 127.0.0.1 at 2010-02-19 17:43:12) [POST]
  Parameters: {"commit"=>"Create User", "action"=>"create", "authenticity_token"=>"y/srryGrGz0DrZRINX8bBjvsFETtmxmzKr07GD/KpEg=", "controller"=>"sessions", "user"=>{"password"=>"[FILTERED]", "email"=>"cs@clair.ro"}}
  [4;36;1mUser Load (1.9ms)[0m   [0;1mSELECT * FROM "users" WHERE ("users"."id" = E'2') LIMIT 1[0m
  [4;35;1mUser Load (0.9ms)[0m   [0mSELECT * FROM "users" WHERE ("users"."email" = E'cs@clair.ro') LIMIT 1[0m
  [4;36;1mSQL (0.1ms)[0m   [0;1mBEGIN[0m
  [4;35;1mUser Update (0.5ms)[0m   [0mUPDATE "users" SET "updated_at" = '2010-02-19 15:43:12.816681', "sign_in_count" = 4, "current_sign_in_at" = '2010-02-19 15:43:12.815681', "last_sign_in_at" = '2010-02-19 13:32:41.210493' WHERE "id" = 2[0m
  [4;36;1mSQL (0.4ms)[0m   [0;1mCOMMIT[0m
Redirected to http://localhost:3000/
Completed in 126ms (DB: 4) | 302 Found [http://localhost/cont/login]
  [4;35;1mSQL (0.1ms)[0m   [0mSET client_min_messages TO 'panic'[0m
  [4;36;1mSQL (0.1ms)[0m   [0;1mSET client_min_messages TO 'notice'[0m


Processing DashboardController#index (for 127.0.0.1 at 2010-02-19 17:43:12) [GET]
  Parameters: {"action"=>"index", "controller"=>"dashboard"}
  [4;35;1mUser Load (1.9ms)[0m   [0mSELECT * FROM "users" WHERE ("users"."id" = 2) LIMIT 1[0m
Rendering template within layouts/application
Rendering dashboard/index
Completed in 36ms (View: 14, DB: 2) | 200 OK [http://localhost/]
  [4;36;1mSQL (0.1ms)[0m   [0;1mSET client_min_messages TO 'panic'[0m
  [4;35;1mSQL (0.1ms)[0m   [0mSET client_min_messages TO 'notice'[0m


Processing SessionsController#destroy (for 127.0.0.1 at 2010-02-19 17:43:27) [GET]
  Parameters: {"action"=>"destroy", "controller"=>"sessions"}
  [4;36;1mUser Load (2.0ms)[0m   [0;1mSELECT * FROM "users" WHERE ("users"."id" = 2) LIMIT 1[0m
Redirected to http://localhost:3000/
Completed in 36ms (DB: 2) | 302 Found [http://localhost/cont/logout]
  [4;35;1mSQL (0.1ms)[0m   [0mSET client_min_messages TO 'panic'[0m
  [4;36;1mSQL (1.7ms)[0m   [0;1mSET client_min_messages TO 'notice'[0m


Processing DashboardController#index (for 127.0.0.1 at 2010-02-19 17:43:27) [GET]
  Parameters: {"action"=>"index", "controller"=>"dashboard"}
  [4;35;1mUser Load (2.0ms)[0m   [0mSELECT * FROM "users" WHERE ("users"."id" = E'2') LIMIT 1[0m
  [4;36;1mSQL (0.1ms)[0m   [0;1mSET client_min_messages TO 'panic'[0m
  [4;35;1mSQL (0.1ms)[0m   [0mSET client_min_messages TO 'notice'[0m


Processing SessionsController#new (for 127.0.0.1 at 2010-02-19 17:43:27) [GET]
  Parameters: {"unauthenticated"=>"true", "action"=>"new", "controller"=>"sessions"}
Rendering template within layouts/application
Rendering sessions/new
Rendered shared/_devise_links (1.1ms)
Completed in 46ms (View: 16, DB: 0) | 200 OK [http://localhost/cont/login?unauthenticated=true]
